<?xml version="1.0" encoding="UTF-8"?>
<testsuite xmlns:xsi="http://www.w3.org/2001/XMLSchema-instance" xsi:noNamespaceSchemaLocation="https://maven.apache.org/surefire/maven-surefire-plugin/xsd/surefire-test-report-3.0.xsd" version="3.0" name="com.rosouza.school.repository.StudentRepositoryTest" time="0.082" tests="7" errors="0" skipped="0" failures="0">
  <properties>
[...]
</properties>
  <testcase name="should_find_student_by_id" classname="com.rosouza.school.repository.StudentRepositoryTest" time="0.01">
    <system-out><![CDATA[2022-01-20 16:47:57.624 DEBUG 17060 --- [           main] org.hibernate.SQL                        : select student0_.id as id1_1_, student0_.name as name2_1_ from school.t_student student0_
Hibernate: select student0_.id as id1_1_, student0_.name as name2_1_ from school.t_student student0_
2022-01-20 16:47:57.626 DEBUG 17060 --- [           main] org.hibernate.SQL                        : insert into school.t_student (id, name) values (null, ?)
Hibernate: insert into school.t_student (id, name) values (null, ?)
2022-01-20 16:47:57.627 DEBUG 17060 --- [           main] org.hibernate.SQL                        : insert into school.t_student (id, name) values (null, ?)
Hibernate: insert into school.t_student (id, name) values (null, ?)
]]></system-out>
  </testcase>
  <testcase name="should_find_all_student" classname="com.rosouza.school.repository.StudentRepositoryTest" time="0.012">
    <system-out><![CDATA[2022-01-20 16:47:57.635 DEBUG 17060 --- [           main] org.hibernate.SQL                        : select student0_.id as id1_1_, student0_.name as name2_1_ from school.t_student student0_
Hibernate: select student0_.id as id1_1_, student0_.name as name2_1_ from school.t_student student0_
2022-01-20 16:47:57.637 DEBUG 17060 --- [           main] org.hibernate.SQL                        : insert into school.t_student (id, name) values (null, ?)
Hibernate: insert into school.t_student (id, name) values (null, ?)
2022-01-20 16:47:57.638 DEBUG 17060 --- [           main] org.hibernate.SQL                        : insert into school.t_student (id, name) values (null, ?)
Hibernate: insert into school.t_student (id, name) values (null, ?)
2022-01-20 16:47:57.638 DEBUG 17060 --- [           main] org.hibernate.SQL                        : insert into school.t_student (id, name) values (null, ?)
Hibernate: insert into school.t_student (id, name) values (null, ?)
2022-01-20 16:47:57.640 DEBUG 17060 --- [           main] org.hibernate.SQL                        : select student0_.id as id1_1_, student0_.name as name2_1_ from school.t_student student0_
Hibernate: select student0_.id as id1_1_, student0_.name as name2_1_ from school.t_student student0_
]]></system-out>
  </testcase>
  <testcase name="should_update_student_by_id" classname="com.rosouza.school.repository.StudentRepositoryTest" time="0.011">
    <system-out><![CDATA[2022-01-20 16:47:57.649 DEBUG 17060 --- [           main] org.hibernate.SQL                        : select student0_.id as id1_1_, student0_.name as name2_1_ from school.t_student student0_
Hibernate: select student0_.id as id1_1_, student0_.name as name2_1_ from school.t_student student0_
2022-01-20 16:47:57.651 DEBUG 17060 --- [           main] org.hibernate.SQL                        : insert into school.t_student (id, name) values (null, ?)
Hibernate: insert into school.t_student (id, name) values (null, ?)
2022-01-20 16:47:57.652 DEBUG 17060 --- [           main] org.hibernate.SQL                        : insert into school.t_student (id, name) values (null, ?)
Hibernate: insert into school.t_student (id, name) values (null, ?)
2022-01-20 16:47:57.652 DEBUG 17060 --- [           main] org.hibernate.SQL                        : insert into school.t_student (id, name) values (null, ?)
Hibernate: insert into school.t_student (id, name) values (null, ?)
]]></system-out>
  </testcase>
  <testcase name="should_delete_all_student" classname="com.rosouza.school.repository.StudentRepositoryTest" time="0.01">
    <system-out><![CDATA[2022-01-20 16:47:57.661 DEBUG 17060 --- [           main] org.hibernate.SQL                        : select student0_.id as id1_1_, student0_.name as name2_1_ from school.t_student student0_
Hibernate: select student0_.id as id1_1_, student0_.name as name2_1_ from school.t_student student0_
2022-01-20 16:47:57.662 DEBUG 17060 --- [           main] org.hibernate.SQL                        : insert into school.t_student (id, name) values (null, ?)
Hibernate: insert into school.t_student (id, name) values (null, ?)
2022-01-20 16:47:57.663 DEBUG 17060 --- [           main] org.hibernate.SQL                        : insert into school.t_student (id, name) values (null, ?)
Hibernate: insert into school.t_student (id, name) values (null, ?)
2022-01-20 16:47:57.664 DEBUG 17060 --- [           main] org.hibernate.SQL                        : select student0_.id as id1_1_, student0_.name as name2_1_ from school.t_student student0_
Hibernate: select student0_.id as id1_1_, student0_.name as name2_1_ from school.t_student student0_
2022-01-20 16:47:57.665 DEBUG 17060 --- [           main] org.hibernate.SQL                        : delete from school.t_student where id=?
Hibernate: delete from school.t_student where id=?
2022-01-20 16:47:57.666 DEBUG 17060 --- [           main] org.hibernate.SQL                        : delete from school.t_student where id=?
Hibernate: delete from school.t_student where id=?
2022-01-20 16:47:57.666 DEBUG 17060 --- [           main] org.hibernate.SQL                        : select student0_.id as id1_1_, student0_.name as name2_1_ from school.t_student student0_
Hibernate: select student0_.id as id1_1_, student0_.name as name2_1_ from school.t_student student0_
]]></system-out>
  </testcase>
  <testcase name="should_delete_student_by_id" classname="com.rosouza.school.repository.StudentRepositoryTest" time="0.009">
    <system-out><![CDATA[2022-01-20 16:47:57.672 DEBUG 17060 --- [           main] org.hibernate.SQL                        : select student0_.id as id1_1_, student0_.name as name2_1_ from school.t_student student0_
Hibernate: select student0_.id as id1_1_, student0_.name as name2_1_ from school.t_student student0_
2022-01-20 16:47:57.673 DEBUG 17060 --- [           main] org.hibernate.SQL                        : insert into school.t_student (id, name) values (null, ?)
Hibernate: insert into school.t_student (id, name) values (null, ?)
2022-01-20 16:47:57.674 DEBUG 17060 --- [           main] org.hibernate.SQL                        : insert into school.t_student (id, name) values (null, ?)
Hibernate: insert into school.t_student (id, name) values (null, ?)
2022-01-20 16:47:57.674 DEBUG 17060 --- [           main] org.hibernate.SQL                        : insert into school.t_student (id, name) values (null, ?)
Hibernate: insert into school.t_student (id, name) values (null, ?)
2022-01-20 16:47:57.676 DEBUG 17060 --- [           main] org.hibernate.SQL                        : delete from school.t_student where id=?
Hibernate: delete from school.t_student where id=?
2022-01-20 16:47:57.676 DEBUG 17060 --- [           main] org.hibernate.SQL                        : select student0_.id as id1_1_, student0_.name as name2_1_ from school.t_student student0_
Hibernate: select student0_.id as id1_1_, student0_.name as name2_1_ from school.t_student student0_
]]></system-out>
  </testcase>
  <testcase name="should_find_no_student_if_repository_is_empty" classname="com.rosouza.school.repository.StudentRepositoryTest" time="0.006">
    <system-out><![CDATA[2022-01-20 16:47:57.682 DEBUG 17060 --- [           main] org.hibernate.SQL                        : select student0_.id as id1_1_, student0_.name as name2_1_ from school.t_student student0_
Hibernate: select student0_.id as id1_1_, student0_.name as name2_1_ from school.t_student student0_
2022-01-20 16:47:57.684 DEBUG 17060 --- [           main] org.hibernate.SQL                        : select student0_.id as id1_1_, student0_.name as name2_1_ from school.t_student student0_
Hibernate: select student0_.id as id1_1_, student0_.name as name2_1_ from school.t_student student0_
]]></system-out>
  </testcase>
  <testcase name="should_store_a_student" classname="com.rosouza.school.repository.StudentRepositoryTest" time="0.008">
    <system-out><![CDATA[2022-01-20 16:47:57.689 DEBUG 17060 --- [           main] org.hibernate.SQL                        : select student0_.id as id1_1_, student0_.name as name2_1_ from school.t_student student0_
Hibernate: select student0_.id as id1_1_, student0_.name as name2_1_ from school.t_student student0_
2022-01-20 16:47:57.691 DEBUG 17060 --- [           main] org.hibernate.SQL                        : insert into school.t_student (id, name) values (null, ?)
Hibernate: insert into school.t_student (id, name) values (null, ?)
2022-01-20 16:47:57.692 DEBUG 17060 --- [           main] org.hibernate.SQL                        : insert into school.t_student (id, name) values (null, ?)
Hibernate: insert into school.t_student (id, name) values (null, ?)
]]></system-out>
  </testcase>
</testsuite>