<?xml version="1.0" encoding="UTF-8"?>
<testsuite xmlns:xsi="http://www.w3.org/2001/XMLSchema-instance" xsi:noNamespaceSchemaLocation="https://maven.apache.org/surefire/maven-surefire-plugin/xsd/surefire-test-report-3.0.xsd" version="3.0" name="com.rosouza.school.repository.CourseRepositoryTest" time="6.857" tests="7" errors="0" skipped="0" failures="0">
  <properties>
[...]
</properties>
  <testcase name="should_store_a_course" classname="com.rosouza.school.repository.CourseRepositoryTest" time="0.714">
    <system-out><![CDATA[16:47:50.566 [main] DEBUG org.springframework.test.context.BootstrapUtils - Instantiating CacheAwareContextLoaderDelegate from class [org.springframework.test.context.cache.DefaultCacheAwareContextLoaderDelegate]
16:47:50.585 [main] DEBUG org.springframework.test.context.BootstrapUtils - Instantiating BootstrapContext using constructor [public org.springframework.test.context.support.DefaultBootstrapContext(java.lang.Class,org.springframework.test.context.CacheAwareContextLoaderDelegate)]
16:47:50.646 [main] DEBUG org.springframework.test.context.BootstrapUtils - Instantiating TestContextBootstrapper for test class [com.rosouza.school.repository.CourseRepositoryTest] from class [org.springframework.boot.test.autoconfigure.orm.jpa.DataJpaTestContextBootstrapper]
16:47:50.662 [main] INFO org.springframework.boot.test.autoconfigure.orm.jpa.DataJpaTestContextBootstrapper - Neither @ContextConfiguration nor @ContextHierarchy found for test class [com.rosouza.school.repository.CourseRepositoryTest], using SpringBootContextLoader
16:47:50.668 [main] DEBUG org.springframework.test.context.support.AbstractContextLoader - Did not detect default resource location for test class [com.rosouza.school.repository.CourseRepositoryTest]: class path resource [com/rosouza/school/repository/CourseRepositoryTest-context.xml] does not exist
16:47:50.668 [main] DEBUG org.springframework.test.context.support.AbstractContextLoader - Did not detect default resource location for test class [com.rosouza.school.repository.CourseRepositoryTest]: class path resource [com/rosouza/school/repository/CourseRepositoryTestContext.groovy] does not exist
16:47:50.669 [main] INFO org.springframework.test.context.support.AbstractContextLoader - Could not detect default resource locations for test class [com.rosouza.school.repository.CourseRepositoryTest]: no resource found for suffixes {-context.xml, Context.groovy}.
16:47:50.669 [main] INFO org.springframework.test.context.support.AnnotationConfigContextLoaderUtils - Could not detect default configuration classes for test class [com.rosouza.school.repository.CourseRepositoryTest]: CourseRepositoryTest does not declare any static, non-private, non-final, nested classes annotated with @Configuration.
16:47:50.818 [main] DEBUG org.springframework.context.annotation.ClassPathScanningCandidateComponentProvider - Identified candidate component class: file [C:\Users\rsof8\IdeaProjects\spring-boot-rest-api-liquibase-mysql-docker\school-api\target\classes\com\rosouza\school\SchoolApp.class]
16:47:50.819 [main] INFO org.springframework.boot.test.context.SpringBootTestContextBootstrapper - Found @SpringBootConfiguration com.rosouza.school.SchoolApp for test class com.rosouza.school.repository.CourseRepositoryTest
16:47:50.824 [main] DEBUG org.springframework.boot.test.autoconfigure.orm.jpa.DataJpaTestContextBootstrapper - @TestExecutionListeners is not present for class [com.rosouza.school.repository.CourseRepositoryTest]: using defaults.
16:47:50.825 [main] INFO org.springframework.boot.test.autoconfigure.orm.jpa.DataJpaTestContextBootstrapper - Loaded default TestExecutionListener class names from location [META-INF/spring.factories]: [org.springframework.boot.test.mock.mockito.MockitoTestExecutionListener, org.springframework.boot.test.mock.mockito.ResetMocksTestExecutionListener, org.springframework.boot.test.autoconfigure.restdocs.RestDocsTestExecutionListener, org.springframework.boot.test.autoconfigure.web.client.MockRestServiceServerResetTestExecutionListener, org.springframework.boot.test.autoconfigure.web.servlet.MockMvcPrintOnlyOnFailureTestExecutionListener, org.springframework.boot.test.autoconfigure.web.servlet.WebDriverTestExecutionListener, org.springframework.boot.test.autoconfigure.webservices.client.MockWebServiceServerTestExecutionListener, org.springframework.test.context.web.ServletTestExecutionListener, org.springframework.test.context.support.DirtiesContextBeforeModesTestExecutionListener, org.springframework.test.context.support.DependencyInjectionTestExecutionListener, org.springframework.test.context.support.DirtiesContextTestExecutionListener, org.springframework.test.context.transaction.TransactionalTestExecutionListener, org.springframework.test.context.jdbc.SqlScriptsTestExecutionListener, org.springframework.test.context.event.EventPublishingTestExecutionListener]
16:47:50.846 [main] INFO org.springframework.boot.test.autoconfigure.orm.jpa.DataJpaTestContextBootstrapper - Using TestExecutionListeners: [org.springframework.test.context.web.ServletTestExecutionListener@67629872, org.springframework.test.context.support.DirtiesContextBeforeModesTestExecutionListener@5d04adc1, org.springframework.boot.test.mock.mockito.MockitoTestExecutionListener@4c2812aa, org.springframework.boot.test.autoconfigure.SpringBootDependencyInjectionTestExecutionListener@346e76ad, org.springframework.test.context.support.DirtiesContextTestExecutionListener@47bcd95a, org.springframework.test.context.transaction.TransactionalTestExecutionListener@3fae1ec9, org.springframework.test.context.jdbc.SqlScriptsTestExecutionListener@331fe6d4, org.springframework.test.context.event.EventPublishingTestExecutionListener@74832504, org.springframework.boot.test.mock.mockito.ResetMocksTestExecutionListener@555454c7, org.springframework.boot.test.autoconfigure.restdocs.RestDocsTestExecutionListener@1a4340f2, org.springframework.boot.test.autoconfigure.web.client.MockRestServiceServerResetTestExecutionListener@56a63c28, org.springframework.boot.test.autoconfigure.web.servlet.MockMvcPrintOnlyOnFailureTestExecutionListener@3b6098fd, org.springframework.boot.test.autoconfigure.web.servlet.WebDriverTestExecutionListener@4ce5013a, org.springframework.boot.test.autoconfigure.webservices.client.MockWebServiceServerTestExecutionListener@4c219c84]
16:47:50.851 [main] DEBUG org.springframework.test.context.support.AbstractDirtiesContextTestExecutionListener - Before test class: context [DefaultTestContext@4f876114 testClass = CourseRepositoryTest, testInstance = [null], testMethod = [null], testException = [null], mergedContextConfiguration = [MergedContextConfiguration@52d625bd testClass = CourseRepositoryTest, locations = '{}', classes = '{class com.rosouza.school.SchoolApp}', contextInitializerClasses = '[]', activeProfiles = '{test}', propertySourceLocations = '{}', propertySourceProperties = '{spring.jpa.hibernate.ddl-auto=validate, org.springframework.boot.test.autoconfigure.orm.jpa.DataJpaTestContextBootstrapper=true}', contextCustomizers = set[[ImportsContextCustomizer@608448e7 key = [@org.springframework.boot.test.autoconfigure.orm.jpa.AutoConfigureDataJpa(), @org.springframework.boot.test.autoconfigure.orm.jpa.AutoConfigureTestEntityManager(), @org.springframework.boot.test.autoconfigure.filter.TypeExcludeFilters(value={org.springframework.boot.test.autoconfigure.orm.jpa.DataJpaTypeExcludeFilter.class}), @org.apiguardian.api.API(consumers={"*"}, since="5.0", status=STABLE), @org.springframework.context.annotation.Import(value={com.rosouza.school.config.LiquibaseConfiguration.class}), @org.springframework.boot.context.properties.EnableConfigurationProperties(value={org.springframework.boot.autoconfigure.liquibase.LiquibaseProperties.class}), @org.springframework.test.context.TestPropertySource(locations={}, value={}, inheritProperties=true, properties={"spring.jpa.hibernate.ddl-auto=validate"}, inheritLocations=true), @org.springframework.transaction.annotation.Transactional(propagation=REQUIRED, rollbackForClassName={}, readOnly=false, timeoutString="", isolation=DEFAULT, transactionManager="", label={}, noRollbackForClassName={}, noRollbackFor={}, value="", timeout=-1, rollbackFor={}), @org.springframework.context.annotation.Import(value={org.springframework.boot.autoconfigure.ImportAutoConfigurationImportSelector.class}), @org.springframework.boot.test.autoconfigure.orm.jpa.DataJpaTest(bootstrapMode=LAZY, excludeFilters={}, useDefaultFilters=true, excludeAutoConfiguration={}, showSql=true, includeFilters={}, properties={}), @org.springframework.boot.test.autoconfigure.properties.PropertyMapping(value="spring.test.database", skip=NO), @org.springframework.test.context.ActiveProfiles(profiles={}, resolver=org.springframework.test.context.ActiveProfilesResolver.class, value={"test"}, inheritProfiles=true), @org.springframework.boot.test.autoconfigure.jdbc.AutoConfigureTestDatabase(replace=NONE, connection=NONE), @org.springframework.boot.autoconfigure.ImportAutoConfiguration(value={}, exclude={}, classes={}), @org.springframework.test.context.BootstrapWith(value=org.springframework.boot.test.autoconfigure.orm.jpa.DataJpaTestContextBootstrapper.class), @org.springframework.boot.test.autoconfigure.jdbc.AutoConfigureTestDatabase(replace=ANY, connection=NONE), @org.junit.jupiter.api.extension.ExtendWith(value={org.springframework.test.context.junit.jupiter.SpringExtension.class}), @org.springframework.boot.test.autoconfigure.OverrideAutoConfiguration(enabled=false), @org.springframework.boot.test.autoconfigure.core.AutoConfigureCache(cacheProvider=NONE), @org.springframework.context.annotation.Import(value={org.springframework.boot.context.properties.EnableConfigurationPropertiesRegistrar.class})]], org.springframework.boot.test.context.filter.ExcludeFilterContextCustomizer@1c96bf1e, org.springframework.boot.test.json.DuplicateJsonObjectContextCustomizerFactory$DuplicateJsonObjectContextCustomizer@6f70015, org.springframework.boot.test.mock.mockito.MockitoContextCustomizer@0, org.springframework.boot.test.autoconfigure.OverrideAutoConfigurationContextCustomizerFactory$DisableAutoConfigurationContextCustomizer@7f65639e, org.springframework.boot.test.autoconfigure.actuate.metrics.MetricsExportContextCustomizerFactory$DisableMetricExportContextCustomizer@69efdfd9, org.springframework.boot.test.autoconfigure.filter.TypeExcludeFiltersContextCustomizer@351584c0, org.springframework.boot.test.autoconfigure.properties.PropertyMappingContextCustomizer@e92ceec4, org.springframework.boot.test.autoconfigure.web.servlet.WebDriverContextCustomizerFactory$Customizer@7bdaf563, org.springframework.boot.test.context.SpringBootTestArgs@1, org.springframework.boot.test.context.SpringBootTestWebEnvironment@0], contextLoader = 'org.springframework.boot.test.context.SpringBootContextLoader', parent = [null]], attributes = map[[empty]]], class annotated with @DirtiesContext [false] with mode [null].
16:47:50.858 [main] DEBUG org.springframework.test.context.support.DependencyInjectionTestExecutionListener - Performing dependency injection for test context [[DefaultTestContext@4f876114 testClass = CourseRepositoryTest, testInstance = com.rosouza.school.repository.CourseRepositoryTest@4dfe5727, testMethod = [null], testException = [null], mergedContextConfiguration = [MergedContextConfiguration@52d625bd testClass = CourseRepositoryTest, locations = '{}', classes = '{class com.rosouza.school.SchoolApp}', contextInitializerClasses = '[]', activeProfiles = '{test}', propertySourceLocations = '{}', propertySourceProperties = '{spring.jpa.hibernate.ddl-auto=validate, org.springframework.boot.test.autoconfigure.orm.jpa.DataJpaTestContextBootstrapper=true}', contextCustomizers = set[[ImportsContextCustomizer@608448e7 key = [@org.springframework.boot.test.autoconfigure.orm.jpa.AutoConfigureDataJpa(), @org.springframework.boot.test.autoconfigure.orm.jpa.AutoConfigureTestEntityManager(), @org.springframework.boot.test.autoconfigure.filter.TypeExcludeFilters(value={org.springframework.boot.test.autoconfigure.orm.jpa.DataJpaTypeExcludeFilter.class}), @org.apiguardian.api.API(consumers={"*"}, since="5.0", status=STABLE), @org.springframework.context.annotation.Import(value={com.rosouza.school.config.LiquibaseConfiguration.class}), @org.springframework.boot.context.properties.EnableConfigurationProperties(value={org.springframework.boot.autoconfigure.liquibase.LiquibaseProperties.class}), @org.springframework.test.context.TestPropertySource(locations={}, value={}, inheritProperties=true, properties={"spring.jpa.hibernate.ddl-auto=validate"}, inheritLocations=true), @org.springframework.transaction.annotation.Transactional(propagation=REQUIRED, rollbackForClassName={}, readOnly=false, timeoutString="", isolation=DEFAULT, transactionManager="", label={}, noRollbackForClassName={}, noRollbackFor={}, value="", timeout=-1, rollbackFor={}), @org.springframework.context.annotation.Import(value={org.springframework.boot.autoconfigure.ImportAutoConfigurationImportSelector.class}), @org.springframework.boot.test.autoconfigure.orm.jpa.DataJpaTest(bootstrapMode=LAZY, excludeFilters={}, useDefaultFilters=true, excludeAutoConfiguration={}, showSql=true, includeFilters={}, properties={}), @org.springframework.boot.test.autoconfigure.properties.PropertyMapping(value="spring.test.database", skip=NO), @org.springframework.test.context.ActiveProfiles(profiles={}, resolver=org.springframework.test.context.ActiveProfilesResolver.class, value={"test"}, inheritProfiles=true), @org.springframework.boot.test.autoconfigure.jdbc.AutoConfigureTestDatabase(replace=NONE, connection=NONE), @org.springframework.boot.autoconfigure.ImportAutoConfiguration(value={}, exclude={}, classes={}), @org.springframework.test.context.BootstrapWith(value=org.springframework.boot.test.autoconfigure.orm.jpa.DataJpaTestContextBootstrapper.class), @org.springframework.boot.test.autoconfigure.jdbc.AutoConfigureTestDatabase(replace=ANY, connection=NONE), @org.junit.jupiter.api.extension.ExtendWith(value={org.springframework.test.context.junit.jupiter.SpringExtension.class}), @org.springframework.boot.test.autoconfigure.OverrideAutoConfiguration(enabled=false), @org.springframework.boot.test.autoconfigure.core.AutoConfigureCache(cacheProvider=NONE), @org.springframework.context.annotation.Import(value={org.springframework.boot.context.properties.EnableConfigurationPropertiesRegistrar.class})]], org.springframework.boot.test.context.filter.ExcludeFilterContextCustomizer@1c96bf1e, org.springframework.boot.test.json.DuplicateJsonObjectContextCustomizerFactory$DuplicateJsonObjectContextCustomizer@6f70015, org.springframework.boot.test.mock.mockito.MockitoContextCustomizer@0, org.springframework.boot.test.autoconfigure.OverrideAutoConfigurationContextCustomizerFactory$DisableAutoConfigurationContextCustomizer@7f65639e, org.springframework.boot.test.autoconfigure.actuate.metrics.MetricsExportContextCustomizerFactory$DisableMetricExportContextCustomizer@69efdfd9, org.springframework.boot.test.autoconfigure.filter.TypeExcludeFiltersContextCustomizer@351584c0, org.springframework.boot.test.autoconfigure.properties.PropertyMappingContextCustomizer@e92ceec4, org.springframework.boot.test.autoconfigure.web.servlet.WebDriverContextCustomizerFactory$Customizer@7bdaf563, org.springframework.boot.test.context.SpringBootTestArgs@1, org.springframework.boot.test.context.SpringBootTestWebEnvironment@0], contextLoader = 'org.springframework.boot.test.context.SpringBootContextLoader', parent = [null]], attributes = map[[empty]]]].
16:47:50.895 [main] DEBUG org.springframework.core.env.StandardEnvironment - Activating profiles [test]
16:47:50.901 [main] DEBUG org.springframework.test.context.support.TestPropertySourceUtils - Adding inlined properties to environment: {spring.jmx.enabled=false, spring.jpa.hibernate.ddl-auto=validate, org.springframework.boot.test.autoconfigure.orm.jpa.DataJpaTestContextBootstrapper=true}

  .   ____          _            __ _ _
 /\\ / ___'_ __ _ _(_)_ __  __ _ \ \ \ \
( ( )\___ | '_ | '_| | '_ \/ _` | \ \ \ \
 \\/  ___)| |_)| | | | | || (_| |  ) ) ) )
  '  |____| .__|_| |_|_| |_\__, | / / / /
 =========|_|==============|___/=/_/_/_/
 :: Spring Boot ::                (v2.4.0)

2022-01-20 16:47:51.721  INFO 17060 --- [           main] c.r.s.repository.CourseRepositoryTest    : Starting CourseRepositoryTest using Java 11.0.10 on DESKTOP-QDRCHIL with PID 17060 (started by rsof8 in C:\Users\rsof8\IdeaProjects\spring-boot-rest-api-liquibase-mysql-docker\school-api)
2022-01-20 16:47:51.722 DEBUG 17060 --- [           main] c.r.s.repository.CourseRepositoryTest    : Running with Spring Boot v2.4.0, Spring v5.3.1
2022-01-20 16:47:51.722  INFO 17060 --- [           main] c.r.s.repository.CourseRepositoryTest    : The following profiles are active: test
2022-01-20 16:47:52.572 DEBUG 17060 --- [           main] com.zaxxer.hikari.HikariConfig           : Driver class org.h2.Driver found in Thread context class loader jdk.internal.loader.ClassLoaders$AppClassLoader@2aae9190
2022-01-20 16:47:52.623 DEBUG 17060 --- [           main] c.r.s.config.LiquibaseConfiguration      : Configuring Liquibase
2022-01-20 16:47:52.642 DEBUG 17060 --- [           main] com.zaxxer.hikari.HikariConfig           : Hikari - configuration:
2022-01-20 16:47:52.644 DEBUG 17060 --- [           main] com.zaxxer.hikari.HikariConfig           : allowPoolSuspension.............false
2022-01-20 16:47:52.645 DEBUG 17060 --- [           main] com.zaxxer.hikari.HikariConfig           : autoCommit......................false
2022-01-20 16:47:52.645 DEBUG 17060 --- [           main] com.zaxxer.hikari.HikariConfig           : catalog.........................none
2022-01-20 16:47:52.645 DEBUG 17060 --- [           main] com.zaxxer.hikari.HikariConfig           : connectionInitSql...............none
2022-01-20 16:47:52.645 DEBUG 17060 --- [           main] com.zaxxer.hikari.HikariConfig           : connectionTestQuery.............none
2022-01-20 16:47:52.645 DEBUG 17060 --- [           main] com.zaxxer.hikari.HikariConfig           : connectionTimeout...............30000
2022-01-20 16:47:52.646 DEBUG 17060 --- [           main] com.zaxxer.hikari.HikariConfig           : dataSource......................none
2022-01-20 16:47:52.646 DEBUG 17060 --- [           main] com.zaxxer.hikari.HikariConfig           : dataSourceClassName.............none
2022-01-20 16:47:52.646 DEBUG 17060 --- [           main] com.zaxxer.hikari.HikariConfig           : dataSourceJNDI..................none
2022-01-20 16:47:52.647 DEBUG 17060 --- [           main] com.zaxxer.hikari.HikariConfig           : dataSourceProperties............{password=<masked>}
2022-01-20 16:47:52.647 DEBUG 17060 --- [           main] com.zaxxer.hikari.HikariConfig           : driverClassName................."org.h2.Driver"
2022-01-20 16:47:52.647 DEBUG 17060 --- [           main] com.zaxxer.hikari.HikariConfig           : exceptionOverrideClassName......none
2022-01-20 16:47:52.647 DEBUG 17060 --- [           main] com.zaxxer.hikari.HikariConfig           : healthCheckProperties...........{}
2022-01-20 16:47:52.647 DEBUG 17060 --- [           main] com.zaxxer.hikari.HikariConfig           : healthCheckRegistry.............none
2022-01-20 16:47:52.647 DEBUG 17060 --- [           main] com.zaxxer.hikari.HikariConfig           : idleTimeout.....................600000
2022-01-20 16:47:52.648 DEBUG 17060 --- [           main] com.zaxxer.hikari.HikariConfig           : initializationFailTimeout.......1
2022-01-20 16:47:52.648 DEBUG 17060 --- [           main] com.zaxxer.hikari.HikariConfig           : isolateInternalQueries..........false
2022-01-20 16:47:52.648 DEBUG 17060 --- [           main] com.zaxxer.hikari.HikariConfig           : jdbcUrl.........................jdbc:h2:mem:internal;DB_CLOSE_DELAY=-1;DB_CLOSE_ON_EXIT=FALSE;INIT=CREATE SCHEMA IF NOT EXISTS school
2022-01-20 16:47:52.648 DEBUG 17060 --- [           main] com.zaxxer.hikari.HikariConfig           : leakDetectionThreshold..........0
2022-01-20 16:47:52.648 DEBUG 17060 --- [           main] com.zaxxer.hikari.HikariConfig           : maxLifetime.....................1800000
2022-01-20 16:47:52.648 DEBUG 17060 --- [           main] com.zaxxer.hikari.HikariConfig           : maximumPoolSize.................10
2022-01-20 16:47:52.649 DEBUG 17060 --- [           main] com.zaxxer.hikari.HikariConfig           : metricRegistry..................none
2022-01-20 16:47:52.649 DEBUG 17060 --- [           main] com.zaxxer.hikari.HikariConfig           : metricsTrackerFactory...........none
2022-01-20 16:47:52.649 DEBUG 17060 --- [           main] com.zaxxer.hikari.HikariConfig           : minimumIdle.....................10
2022-01-20 16:47:52.649 DEBUG 17060 --- [           main] com.zaxxer.hikari.HikariConfig           : password........................<masked>
2022-01-20 16:47:52.649 DEBUG 17060 --- [           main] com.zaxxer.hikari.HikariConfig           : poolName........................"Hikari"
2022-01-20 16:47:52.650 DEBUG 17060 --- [           main] com.zaxxer.hikari.HikariConfig           : readOnly........................false
2022-01-20 16:47:52.650 DEBUG 17060 --- [           main] com.zaxxer.hikari.HikariConfig           : registerMbeans..................false
2022-01-20 16:47:52.650 DEBUG 17060 --- [           main] com.zaxxer.hikari.HikariConfig           : scheduledExecutor...............none
2022-01-20 16:47:52.650 DEBUG 17060 --- [           main] com.zaxxer.hikari.HikariConfig           : schema..........................none
2022-01-20 16:47:52.651 DEBUG 17060 --- [           main] com.zaxxer.hikari.HikariConfig           : threadFactory...................internal
2022-01-20 16:47:52.651 DEBUG 17060 --- [           main] com.zaxxer.hikari.HikariConfig           : transactionIsolation............default
2022-01-20 16:47:52.651 DEBUG 17060 --- [           main] com.zaxxer.hikari.HikariConfig           : username........................"sa"
2022-01-20 16:47:52.651 DEBUG 17060 --- [           main] com.zaxxer.hikari.HikariConfig           : validationTimeout...............5000
2022-01-20 16:47:52.651  INFO 17060 --- [           main] com.zaxxer.hikari.HikariDataSource       : Hikari - Starting...
2022-01-20 16:47:53.046 DEBUG 17060 --- [           main] com.zaxxer.hikari.pool.HikariPool        : Hikari - Added connection conn0: url=jdbc:h2:mem:internal user=SA
2022-01-20 16:47:53.049  INFO 17060 --- [           main] com.zaxxer.hikari.HikariDataSource       : Hikari - Start completed.
2022-01-20 16:47:53.070 DEBUG 17060 --- [           main] l.s.CustomResolverServiceLocator         : ServiceLocator.findClasses for liquibase.database.Database
2022-01-20 16:47:53.070 DEBUG 17060 --- [           main] l.s.CustomResolverServiceLocator         : ServiceLocator finding classes matching interface liquibase.database.Database
2022-01-20 16:47:53.158 DEBUG 17060 --- [ari housekeeper] com.zaxxer.hikari.pool.HikariPool        : Hikari - Pool stats (total=1, active=1, idle=0, waiting=0)
2022-01-20 16:47:53.163 DEBUG 17060 --- [onnection adder] com.zaxxer.hikari.pool.HikariPool        : Hikari - Added connection conn1: url=jdbc:h2:mem:internal user=SA
2022-01-20 16:47:53.165 DEBUG 17060 --- [onnection adder] com.zaxxer.hikari.pool.HikariPool        : Hikari - Added connection conn2: url=jdbc:h2:mem:internal user=SA
2022-01-20 16:47:53.166 DEBUG 17060 --- [onnection adder] com.zaxxer.hikari.pool.HikariPool        : Hikari - Added connection conn3: url=jdbc:h2:mem:internal user=SA
2022-01-20 16:47:53.167 DEBUG 17060 --- [onnection adder] com.zaxxer.hikari.pool.HikariPool        : Hikari - Added connection conn4: url=jdbc:h2:mem:internal user=SA
2022-01-20 16:47:53.168 DEBUG 17060 --- [onnection adder] com.zaxxer.hikari.pool.HikariPool        : Hikari - Added connection conn5: url=jdbc:h2:mem:internal user=SA
2022-01-20 16:47:53.169 DEBUG 17060 --- [onnection adder] com.zaxxer.hikari.pool.HikariPool        : Hikari - Added connection conn6: url=jdbc:h2:mem:internal user=SA
2022-01-20 16:47:53.170 DEBUG 17060 --- [onnection adder] com.zaxxer.hikari.pool.HikariPool        : Hikari - Added connection conn7: url=jdbc:h2:mem:internal user=SA
2022-01-20 16:47:53.171 DEBUG 17060 --- [onnection adder] com.zaxxer.hikari.pool.HikariPool        : Hikari - Added connection conn8: url=jdbc:h2:mem:internal user=SA
2022-01-20 16:47:53.172 DEBUG 17060 --- [onnection adder] com.zaxxer.hikari.pool.HikariPool        : Hikari - Added connection conn9: url=jdbc:h2:mem:internal user=SA
2022-01-20 16:47:53.172 DEBUG 17060 --- [onnection adder] com.zaxxer.hikari.pool.HikariPool        : Hikari - After adding stats (total=10, active=1, idle=9, waiting=0)
2022-01-20 16:47:54.224 DEBUG 17060 --- [           main] l.s.CustomResolverServiceLocator         : liquibase.database.core.InformixDatabase matches liquibase.database.Database
2022-01-20 16:47:54.225 DEBUG 17060 --- [           main] l.s.CustomResolverServiceLocator         : liquibase.database.core.MariaDBDatabase matches liquibase.database.Database
2022-01-20 16:47:54.225 DEBUG 17060 --- [           main] l.s.CustomResolverServiceLocator         : liquibase.database.core.FirebirdDatabase matches liquibase.database.Database
2022-01-20 16:47:54.226 DEBUG 17060 --- [           main] l.s.CustomResolverServiceLocator         : liquibase.database.core.HsqlDatabase matches liquibase.database.Database
2022-01-20 16:47:54.226 DEBUG 17060 --- [           main] l.s.CustomResolverServiceLocator         : liquibase.database.core.SQLiteDatabase matches liquibase.database.Database
2022-01-20 16:47:54.226 DEBUG 17060 --- [           main] l.s.CustomResolverServiceLocator         : liquibase.database.core.SybaseDatabase matches liquibase.database.Database
2022-01-20 16:47:54.227 DEBUG 17060 --- [           main] l.s.CustomResolverServiceLocator         : liquibase.database.core.PostgresDatabase matches liquibase.database.Database
2022-01-20 16:47:54.227 DEBUG 17060 --- [           main] l.s.CustomResolverServiceLocator         : liquibase.database.core.H2Database matches liquibase.database.Database
2022-01-20 16:47:54.228 DEBUG 17060 --- [           main] l.s.CustomResolverServiceLocator         : liquibase.database.core.MSSQLDatabase matches liquibase.database.Database
2022-01-20 16:47:54.229 DEBUG 17060 --- [           main] l.s.CustomResolverServiceLocator         : liquibase.database.core.DB2Database matches liquibase.database.Database
2022-01-20 16:47:54.229 DEBUG 17060 --- [           main] l.s.CustomResolverServiceLocator         : liquibase.database.core.Firebird3Database matches liquibase.database.Database
2022-01-20 16:47:54.229 DEBUG 17060 --- [           main] l.s.CustomResolverServiceLocator         : liquibase.database.core.SybaseASADatabase matches liquibase.database.Database
2022-01-20 16:47:54.229 DEBUG 17060 --- [           main] l.s.CustomResolverServiceLocator         : liquibase.database.core.DerbyDatabase matches liquibase.database.Database
2022-01-20 16:47:54.230 DEBUG 17060 --- [           main] l.s.CustomResolverServiceLocator         : liquibase.database.core.UnsupportedDatabase matches liquibase.database.Database
2022-01-20 16:47:54.230 DEBUG 17060 --- [           main] l.s.CustomResolverServiceLocator         : liquibase.database.core.OracleDatabase matches liquibase.database.Database
2022-01-20 16:47:54.230 DEBUG 17060 --- [           main] l.s.CustomResolverServiceLocator         : liquibase.database.core.Db2zDatabase matches liquibase.database.Database
2022-01-20 16:47:54.230 DEBUG 17060 --- [           main] l.s.CustomResolverServiceLocator         : liquibase.database.core.MySQLDatabase matches liquibase.database.Database
2022-01-20 16:47:54.230 DEBUG 17060 --- [           main] l.s.CustomResolverServiceLocator         : liquibase.database.core.Ingres9Database matches liquibase.database.Database
2022-01-20 16:47:54.231 DEBUG 17060 --- [           main] l.s.CustomResolverServiceLocator         : liquibase.sdk.database.MockDatabase matches liquibase.database.Database
2022-01-20 16:47:54.272 DEBUG 17060 --- [           main] liquibase.database.core.H2Database       : Connected to SA@jdbc:h2:mem:internal
2022-01-20 16:47:54.272 DEBUG 17060 --- [           main] liquibase.database.core.H2Database       : Not adjusting the auto commit mode; it is already false
2022-01-20 16:47:54.275 DEBUG 17060 --- [           main] l.s.CustomResolverServiceLocator         : ServiceLocator.findClasses for liquibase.lockservice.LockService
2022-01-20 16:47:54.275 DEBUG 17060 --- [           main] l.s.CustomResolverServiceLocator         : ServiceLocator finding classes matching interface liquibase.lockservice.LockService
2022-01-20 16:47:54.277 DEBUG 17060 --- [           main] l.s.CustomResolverServiceLocator         : liquibase.lockservice.LockServiceImpl matches liquibase.lockservice.LockService
2022-01-20 16:47:54.277 DEBUG 17060 --- [           main] l.s.CustomResolverServiceLocator         : liquibase.lockservice.OfflineLockService matches liquibase.lockservice.LockService
2022-01-20 16:47:54.277 DEBUG 17060 --- [           main] l.s.CustomResolverServiceLocator         : liquibase.lockservice.StandardLockService matches liquibase.lockservice.LockService
2022-01-20 16:47:54.282 DEBUG 17060 --- [           main] l.s.CustomResolverServiceLocator         : ServiceLocator.findClasses for liquibase.executor.Executor
2022-01-20 16:47:54.282 DEBUG 17060 --- [           main] l.s.CustomResolverServiceLocator         : ServiceLocator finding classes matching interface liquibase.executor.Executor
2022-01-20 16:47:54.284 DEBUG 17060 --- [           main] l.s.CustomResolverServiceLocator         : liquibase.executor.jvm.JdbcExecutor matches liquibase.executor.Executor
2022-01-20 16:47:54.285 DEBUG 17060 --- [           main] l.s.CustomResolverServiceLocator         : com.datical.liquibase.ext.OracleSqlPlusExecutor matches liquibase.executor.Executor
2022-01-20 16:47:54.286 DEBUG 17060 --- [           main] l.s.CustomResolverServiceLocator         : ServiceLocator.findClasses for liquibase.snapshot.SnapshotGenerator
2022-01-20 16:47:54.286 DEBUG 17060 --- [           main] l.s.CustomResolverServiceLocator         : ServiceLocator finding classes matching interface liquibase.snapshot.SnapshotGenerator
2022-01-20 16:47:54.288 DEBUG 17060 --- [           main] l.s.CustomResolverServiceLocator         : liquibase.snapshot.jvm.ColumnSnapshotGeneratorInformix matches liquibase.snapshot.SnapshotGenerator
2022-01-20 16:47:54.288 DEBUG 17060 --- [           main] l.s.CustomResolverServiceLocator         : liquibase.snapshot.jvm.ForeignKeySnapshotGenerator matches liquibase.snapshot.SnapshotGenerator
2022-01-20 16:47:54.288 DEBUG 17060 --- [           main] l.s.CustomResolverServiceLocator         : liquibase.snapshot.jvm.ColumnSnapshotGenerator matches liquibase.snapshot.SnapshotGenerator
2022-01-20 16:47:54.288 DEBUG 17060 --- [           main] l.s.CustomResolverServiceLocator         : liquibase.snapshot.jvm.SequenceSnapshotGenerator matches liquibase.snapshot.SnapshotGenerator
2022-01-20 16:47:54.289 DEBUG 17060 --- [           main] l.s.CustomResolverServiceLocator         : liquibase.snapshot.jvm.TableSnapshotGenerator matches liquibase.snapshot.SnapshotGenerator
2022-01-20 16:47:54.289 DEBUG 17060 --- [           main] l.s.CustomResolverServiceLocator         : liquibase.snapshot.jvm.ColumnSnapshotGeneratorH2 matches liquibase.snapshot.SnapshotGenerator
2022-01-20 16:47:54.289 DEBUG 17060 --- [           main] l.s.CustomResolverServiceLocator         : liquibase.snapshot.jvm.CatalogSnapshotGenerator matches liquibase.snapshot.SnapshotGenerator
2022-01-20 16:47:54.289 DEBUG 17060 --- [           main] l.s.CustomResolverServiceLocator         : liquibase.snapshot.jvm.ColumnSnapshotGeneratorOracle matches liquibase.snapshot.SnapshotGenerator
2022-01-20 16:47:54.290 DEBUG 17060 --- [           main] l.s.CustomResolverServiceLocator         : liquibase.snapshot.jvm.ColumnSnapshotGeneratorPostgres matches liquibase.snapshot.SnapshotGenerator
2022-01-20 16:47:54.290 DEBUG 17060 --- [           main] l.s.CustomResolverServiceLocator         : liquibase.snapshot.jvm.DataSnapshotGenerator matches liquibase.snapshot.SnapshotGenerator
2022-01-20 16:47:54.290 DEBUG 17060 --- [           main] l.s.CustomResolverServiceLocator         : liquibase.snapshot.jvm.UniqueConstraintSnapshotGenerator matches liquibase.snapshot.SnapshotGenerator
2022-01-20 16:47:54.291 DEBUG 17060 --- [           main] l.s.CustomResolverServiceLocator         : liquibase.snapshot.jvm.IndexSnapshotGenerator matches liquibase.snapshot.SnapshotGenerator
2022-01-20 16:47:54.291 DEBUG 17060 --- [           main] l.s.CustomResolverServiceLocator         : liquibase.snapshot.jvm.PrimaryKeySnapshotGenerator matches liquibase.snapshot.SnapshotGenerator
2022-01-20 16:47:54.291 DEBUG 17060 --- [           main] l.s.CustomResolverServiceLocator         : liquibase.snapshot.jvm.ViewSnapshotGenerator matches liquibase.snapshot.SnapshotGenerator
2022-01-20 16:47:54.291 DEBUG 17060 --- [           main] l.s.CustomResolverServiceLocator         : liquibase.snapshot.jvm.SchemaSnapshotGenerator matches liquibase.snapshot.SnapshotGenerator
2022-01-20 16:47:54.292 DEBUG 17060 --- [           main] l.s.CustomResolverServiceLocator         : com.datical.liquibase.ext.storedlogic.checkconstraint.CheckConstraintSnapshotGenerator matches liquibase.snapshot.SnapshotGenerator
2022-01-20 16:47:54.292 DEBUG 17060 --- [           main] l.s.CustomResolverServiceLocator         : com.datical.liquibase.ext.storedlogic.trigger.postgres.PostgresTriggerSnapshotGenerator matches liquibase.snapshot.SnapshotGenerator
2022-01-20 16:47:54.292 DEBUG 17060 --- [           main] l.s.CustomResolverServiceLocator         : com.datical.liquibase.ext.appdba.synonym.SynonymSnapshotGenerator matches liquibase.snapshot.SnapshotGenerator
2022-01-20 16:47:54.292 DEBUG 17060 --- [           main] l.s.CustomResolverServiceLocator         : com.datical.liquibase.ext.storedlogic.trigger.TriggerSnapshotGenerator matches liquibase.snapshot.SnapshotGenerator
2022-01-20 16:47:54.293 DEBUG 17060 --- [           main] l.s.CustomResolverServiceLocator         : com.datical.liquibase.ext.storedlogic.databasepackage.PackageBodySnapshotGenerator matches liquibase.snapshot.SnapshotGenerator
2022-01-20 16:47:54.293 DEBUG 17060 --- [           main] l.s.CustomResolverServiceLocator         : com.datical.liquibase.ext.storedlogic.databasepackage.PackageSnapshotGenerator matches liquibase.snapshot.SnapshotGenerator
2022-01-20 16:47:54.293 DEBUG 17060 --- [           main] l.s.CustomResolverServiceLocator         : com.datical.liquibase.ext.storedlogic.function.postgres.EDBPostgresFunctionSnapshotGenerator matches liquibase.snapshot.SnapshotGenerator
2022-01-20 16:47:54.293 DEBUG 17060 --- [           main] l.s.CustomResolverServiceLocator         : com.datical.liquibase.ext.storedlogic.storedproc.StoredProcedureSnapshotGenerator matches liquibase.snapshot.SnapshotGenerator
2022-01-20 16:47:54.293 DEBUG 17060 --- [           main] l.s.CustomResolverServiceLocator         : com.datical.liquibase.ext.storedlogic.storedproc.PostgresStoredProcedureSnapshotGenerator matches liquibase.snapshot.SnapshotGenerator
2022-01-20 16:47:54.293 DEBUG 17060 --- [           main] l.s.CustomResolverServiceLocator         : com.datical.liquibase.ext.storedlogic.function.postgres.PostgresFunctionSnapshotGenerator matches liquibase.snapshot.SnapshotGenerator
2022-01-20 16:47:54.293 DEBUG 17060 --- [           main] l.s.CustomResolverServiceLocator         : com.datical.liquibase.ext.storedlogic.function.FunctionSnapshotGenerator matches liquibase.snapshot.SnapshotGenerator
2022-01-20 16:47:54.294 DEBUG 17060 --- [           main] l.s.CustomResolverServiceLocator         : com.datical.liquibase.ext.storedlogic.checkconstraint.postgres.PostgresCheckConstraintSnapshotGenerator matches liquibase.snapshot.SnapshotGenerator
2022-01-20 16:47:54.296 DEBUG 17060 --- [           main] l.s.CustomResolverServiceLocator         : ServiceLocator.findClasses for liquibase.license.LicenseService
2022-01-20 16:47:54.296 DEBUG 17060 --- [           main] l.s.CustomResolverServiceLocator         : ServiceLocator finding classes matching interface liquibase.license.LicenseService
2022-01-20 16:47:54.297 DEBUG 17060 --- [           main] l.s.CustomResolverServiceLocator         : liquibase.pro.packaged.kp matches liquibase.license.LicenseService
2022-01-20 16:47:54.323 DEBUG 17060 --- [           main] l.resource.ClassLoaderResourceAccessor   : Opening jar:file:/C:/Users/rsof8/.m2/repository/org/liquibase/liquibase-core/3.10.1/liquibase-core-3.10.1.jar!/liquibase.build.properties as liquibase.build.properties
2022-01-20 16:47:54.323 DEBUG 17060 --- [           main] liquibase.license.LicenseServiceFactory  : Found an implementation of LicenseService named 'liquibase.pro.packaged.kp' with priority 2147483647
2022-01-20 16:47:54.325 DEBUG 17060 --- [           main] liquibase.executor.jvm.JdbcExecutor      : Executing with the 'jdbc' executor
2022-01-20 16:47:54.325 DEBUG 17060 --- [           main] l.s.CustomResolverServiceLocator         : ServiceLocator.findClasses for liquibase.sqlgenerator.SqlGenerator
2022-01-20 16:47:54.325 DEBUG 17060 --- [           main] l.s.CustomResolverServiceLocator         : ServiceLocator finding classes matching interface liquibase.sqlgenerator.SqlGenerator
2022-01-20 16:47:54.326 DEBUG 17060 --- [           main] l.s.CustomResolverServiceLocator         : liquibase.sqlgenerator.core.InsertDataChangeGenerator matches liquibase.sqlgenerator.SqlGenerator
2022-01-20 16:47:54.326 DEBUG 17060 --- [           main] l.s.CustomResolverServiceLocator         : liquibase.sqlgenerator.core.AddUniqueConstraintGeneratorInformix matches liquibase.sqlgenerator.SqlGenerator
2022-01-20 16:47:54.326 DEBUG 17060 --- [           main] l.s.CustomResolverServiceLocator         : liquibase.sqlgenerator.core.ReindexGeneratorSQLite matches liquibase.sqlgenerator.SqlGenerator
2022-01-20 16:47:54.326 DEBUG 17060 --- [           main] l.s.CustomResolverServiceLocator         : liquibase.sqlgenerator.core.CreateIndexGeneratorFirebird matches liquibase.sqlgenerator.SqlGenerator
2022-01-20 16:47:54.327 DEBUG 17060 --- [           main] l.s.CustomResolverServiceLocator         : liquibase.sqlgenerator.core.AddAutoIncrementGenerator matches liquibase.sqlgenerator.SqlGenerator
2022-01-20 16:47:54.327 DEBUG 17060 --- [           main] l.s.CustomResolverServiceLocator         : liquibase.sqlgenerator.core.GetViewDefinitionGeneratorFirebird matches liquibase.sqlgenerator.SqlGenerator
2022-01-20 16:47:54.327 DEBUG 17060 --- [           main] l.s.CustomResolverServiceLocator         : liquibase.sqlgenerator.core.GetViewDefinitionGeneratorInformix matches liquibase.sqlgenerator.SqlGenerator
2022-01-20 16:47:54.327 DEBUG 17060 --- [           main] l.s.CustomResolverServiceLocator         : liquibase.sqlgenerator.core.InsertGenerator matches liquibase.sqlgenerator.SqlGenerator
2022-01-20 16:47:54.327 DEBUG 17060 --- [           main] l.s.CustomResolverServiceLocator         : liquibase.sqlgenerator.core.UpdateDataChangeGenerator matches liquibase.sqlgenerator.SqlGenerator
2022-01-20 16:47:54.328 DEBUG 17060 --- [           main] l.s.CustomResolverServiceLocator         : liquibase.sqlgenerator.core.CreateViewGenerator matches liquibase.sqlgenerator.SqlGenerator
2022-01-20 16:47:54.328 DEBUG 17060 --- [           main] l.s.CustomResolverServiceLocator         : liquibase.sqlgenerator.core.InsertOrUpdateGeneratorMSSQL matches liquibase.sqlgenerator.SqlGenerator
2022-01-20 16:47:54.329 DEBUG 17060 --- [           main] l.s.CustomResolverServiceLocator         : liquibase.sqlgenerator.core.GetViewDefinitionGeneratorDB2 matches liquibase.sqlgenerator.SqlGenerator
2022-01-20 16:47:54.329 DEBUG 17060 --- [           main] l.s.CustomResolverServiceLocator         : liquibase.sqlgenerator.core.CreateTableGeneratorInformix matches liquibase.sqlgenerator.SqlGenerator
2022-01-20 16:47:54.329 DEBUG 17060 --- [           main] l.s.CustomResolverServiceLocator         : liquibase.sqlgenerator.core.InsertOrUpdateGeneratorHsql matches liquibase.sqlgenerator.SqlGenerator
2022-01-20 16:47:54.329 DEBUG 17060 --- [           main] l.s.CustomResolverServiceLocator         : liquibase.sqlgenerator.core.DeleteGenerator matches liquibase.sqlgenerator.SqlGenerator
2022-01-20 16:47:54.329 DEBUG 17060 --- [           main] l.s.CustomResolverServiceLocator         : liquibase.sqlgenerator.core.CreateDatabaseChangeLogTableGeneratorSybase matches liquibase.sqlgenerator.SqlGenerator
2022-01-20 16:47:54.330 DEBUG 17060 --- [           main] l.s.CustomResolverServiceLocator         : liquibase.sqlgenerator.core.DropViewGenerator matches liquibase.sqlgenerator.SqlGenerator
2022-01-20 16:47:54.330 DEBUG 17060 --- [           main] l.s.CustomResolverServiceLocator         : liquibase.sqlgenerator.core.AddDefaultValueGeneratorSybaseASA matches liquibase.sqlgenerator.SqlGenerator
2022-01-20 16:47:54.330 DEBUG 17060 --- [           main] l.s.CustomResolverServiceLocator         : liquibase.sqlgenerator.core.TableRowCountGenerator matches liquibase.sqlgenerator.SqlGenerator
2022-01-20 16:47:54.330 DEBUG 17060 --- [           main] l.s.CustomResolverServiceLocator         : liquibase.sqlgenerator.core.InsertOrUpdateGeneratorOracle matches liquibase.sqlgenerator.SqlGenerator
2022-01-20 16:47:54.330 DEBUG 17060 --- [           main] l.s.CustomResolverServiceLocator         : liquibase.sqlgenerator.core.UnlockDatabaseChangeLogGenerator matches liquibase.sqlgenerator.SqlGenerator
2022-01-20 16:47:54.330 DEBUG 17060 --- [           main] l.s.CustomResolverServiceLocator         : liquibase.sqlgenerator.core.CreateProcedureGenerator matches liquibase.sqlgenerator.SqlGenerator
2022-01-20 16:47:54.330 DEBUG 17060 --- [           main] l.s.CustomResolverServiceLocator         : liquibase.sqlgenerator.core.AddDefaultValueGeneratorSQLite matches liquibase.sqlgenerator.SqlGenerator
2022-01-20 16:47:54.330 DEBUG 17060 --- [           main] l.s.CustomResolverServiceLocator         : liquibase.sqlgenerator.core.CreateIndexGenerator matches liquibase.sqlgenerator.SqlGenerator
2022-01-20 16:47:54.331 DEBUG 17060 --- [           main] l.s.CustomResolverServiceLocator         : liquibase.sqlgenerator.core.GetViewDefinitionGeneratorSybaseASA matches liquibase.sqlgenerator.SqlGenerator
2022-01-20 16:47:54.331 DEBUG 17060 --- [           main] l.s.CustomResolverServiceLocator         : liquibase.sqlgenerator.core.DropColumnGenerator matches liquibase.sqlgenerator.SqlGenerator
2022-01-20 16:47:54.331 DEBUG 17060 --- [           main] l.s.CustomResolverServiceLocator         : liquibase.sqlgenerator.core.AddAutoIncrementGeneratorDB2 matches liquibase.sqlgenerator.SqlGenerator
2022-01-20 16:47:54.331 DEBUG 17060 --- [           main] l.s.CustomResolverServiceLocator         : liquibase.sqlgenerator.core.SetTableRemarksGenerator matches liquibase.sqlgenerator.SqlGenerator
2022-01-20 16:47:54.331 DEBUG 17060 --- [           main] l.s.CustomResolverServiceLocator         : liquibase.sqlgenerator.core.AddPrimaryKeyGenerator matches liquibase.sqlgenerator.SqlGenerator
2022-01-20 16:47:54.331 DEBUG 17060 --- [           main] l.s.CustomResolverServiceLocator         : liquibase.sqlgenerator.core.AddUniqueConstraintGeneratorTDS matches liquibase.sqlgenerator.SqlGenerator
2022-01-20 16:47:54.332 DEBUG 17060 --- [           main] l.s.CustomResolverServiceLocator         : liquibase.sqlgenerator.core.InsertOrUpdateGeneratorPostgres matches liquibase.sqlgenerator.SqlGenerator
2022-01-20 16:47:54.332 DEBUG 17060 --- [           main] l.s.CustomResolverServiceLocator         : liquibase.sqlgenerator.core.CreateIndexGeneratorPostgres matches liquibase.sqlgenerator.SqlGenerator
2022-01-20 16:47:54.332 DEBUG 17060 --- [           main] l.s.CustomResolverServiceLocator         : liquibase.sqlgenerator.core.CommentGenerator matches liquibase.sqlgenerator.SqlGenerator
2022-01-20 16:47:54.332 DEBUG 17060 --- [           main] l.s.CustomResolverServiceLocator         : liquibase.sqlgenerator.core.AddDefaultValueGeneratorMSSQL matches liquibase.sqlgenerator.SqlGenerator
2022-01-20 16:47:54.332 DEBUG 17060 --- [           main] l.s.CustomResolverServiceLocator         : liquibase.sqlgenerator.core.GetViewDefinitionGeneratorPostgres matches liquibase.sqlgenerator.SqlGenerator
2022-01-20 16:47:54.332 DEBUG 17060 --- [           main] l.s.CustomResolverServiceLocator         : liquibase.sqlgenerator.core.ReorganizeTableGeneratorDB2 matches liquibase.sqlgenerator.SqlGenerator
2022-01-20 16:47:54.332 DEBUG 17060 --- [           main] l.s.CustomResolverServiceLocator         : liquibase.sqlgenerator.core.LockDatabaseChangeLogGenerator matches liquibase.sqlgenerator.SqlGenerator
2022-01-20 16:47:54.333 DEBUG 17060 --- [           main] l.s.CustomResolverServiceLocator         : liquibase.sqlgenerator.core.MarkChangeSetRanGenerator matches liquibase.sqlgenerator.SqlGenerator
2022-01-20 16:47:54.333 DEBUG 17060 --- [           main] l.s.CustomResolverServiceLocator         : liquibase.sqlgenerator.core.AddDefaultValueGeneratorMySQL matches liquibase.sqlgenerator.SqlGenerator
2022-01-20 16:47:54.333 DEBUG 17060 --- [           main] l.s.CustomResolverServiceLocator         : liquibase.sqlgenerator.core.InitializeDatabaseChangeLogLockTableGenerator matches liquibase.sqlgenerator.SqlGenerator
2022-01-20 16:47:54.333 DEBUG 17060 --- [           main] l.s.CustomResolverServiceLocator         : liquibase.sqlgenerator.core.CopyRowsGenerator matches liquibase.sqlgenerator.SqlGenerator
2022-01-20 16:47:54.333 DEBUG 17060 --- [           main] l.s.CustomResolverServiceLocator         : liquibase.sqlgenerator.core.TagDatabaseGenerator matches liquibase.sqlgenerator.SqlGenerator
2022-01-20 16:47:54.333 DEBUG 17060 --- [           main] l.s.CustomResolverServiceLocator         : liquibase.sqlgenerator.core.DropUniqueConstraintGenerator matches liquibase.sqlgenerator.SqlGenerator
2022-01-20 16:47:54.333 DEBUG 17060 --- [           main] l.s.CustomResolverServiceLocator         : liquibase.sqlgenerator.core.AddDefaultValueGeneratorDerby matches liquibase.sqlgenerator.SqlGenerator
2022-01-20 16:47:54.334 DEBUG 17060 --- [           main] l.s.CustomResolverServiceLocator         : liquibase.sqlgenerator.core.DropForeignKeyConstraintGenerator matches liquibase.sqlgenerator.SqlGenerator
2022-01-20 16:47:54.334 DEBUG 17060 --- [           main] l.s.CustomResolverServiceLocator         : liquibase.sqlgenerator.core.RenameViewGenerator matches liquibase.sqlgenerator.SqlGenerator
2022-01-20 16:47:54.334 DEBUG 17060 --- [           main] l.s.CustomResolverServiceLocator         : liquibase.sqlgenerator.core.RenameColumnGenerator matches liquibase.sqlgenerator.SqlGenerator
2022-01-20 16:47:54.334 DEBUG 17060 --- [           main] l.s.CustomResolverServiceLocator         : liquibase.sqlgenerator.core.DropTableGenerator matches liquibase.sqlgenerator.SqlGenerator
2022-01-20 16:47:54.334 DEBUG 17060 --- [           main] l.s.CustomResolverServiceLocator         : liquibase.sqlgenerator.core.AddAutoIncrementGeneratorMySQL matches liquibase.sqlgenerator.SqlGenerator
2022-01-20 16:47:54.334 DEBUG 17060 --- [           main] l.s.CustomResolverServiceLocator         : liquibase.sqlgenerator.core.AddDefaultValueGeneratorPostgres matches liquibase.sqlgenerator.SqlGenerator
2022-01-20 16:47:54.334 DEBUG 17060 --- [           main] l.s.CustomResolverServiceLocator         : liquibase.sqlgenerator.core.SetNullableGenerator matches liquibase.sqlgenerator.SqlGenerator
2022-01-20 16:47:54.334 DEBUG 17060 --- [           main] l.s.CustomResolverServiceLocator         : liquibase.sqlgenerator.core.AddAutoIncrementGeneratorHsqlH2 matches liquibase.sqlgenerator.SqlGenerator
2022-01-20 16:47:54.335 DEBUG 17060 --- [           main] l.s.CustomResolverServiceLocator         : liquibase.sqlgenerator.core.DropPrimaryKeyGenerator matches liquibase.sqlgenerator.SqlGenerator
2022-01-20 16:47:54.335 DEBUG 17060 --- [           main] l.s.CustomResolverServiceLocator         : liquibase.sqlgenerator.core.DropProcedureGenerator matches liquibase.sqlgenerator.SqlGenerator
2022-01-20 16:47:54.335 DEBUG 17060 --- [           main] l.s.CustomResolverServiceLocator         : liquibase.sqlgenerator.core.GetViewDefinitionGeneratorMSSQL matches liquibase.sqlgenerator.SqlGenerator
2022-01-20 16:47:54.335 DEBUG 17060 --- [           main] l.s.CustomResolverServiceLocator         : liquibase.sqlgenerator.core.RenameSequenceGenerator matches liquibase.sqlgenerator.SqlGenerator
2022-01-20 16:47:54.335 DEBUG 17060 --- [           main] l.s.CustomResolverServiceLocator         : liquibase.sqlgenerator.core.CreateViewGeneratorInformix matches liquibase.sqlgenerator.SqlGenerator
2022-01-20 16:47:54.335 DEBUG 17060 --- [           main] l.s.CustomResolverServiceLocator         : liquibase.sqlgenerator.core.GetNextChangeSetSequenceValueGenerator matches liquibase.sqlgenerator.SqlGenerator
2022-01-20 16:47:54.336 DEBUG 17060 --- [           main] l.s.CustomResolverServiceLocator         : liquibase.sqlgenerator.core.SelectFromDatabaseChangeLogLockGenerator matches liquibase.sqlgenerator.SqlGenerator
2022-01-20 16:47:54.336 DEBUG 17060 --- [           main] l.s.CustomResolverServiceLocator         : liquibase.sqlgenerator.core.AlterSequenceGenerator matches liquibase.sqlgenerator.SqlGenerator
2022-01-20 16:47:54.336 DEBUG 17060 --- [           main] l.s.CustomResolverServiceLocator         : liquibase.sqlgenerator.core.SelectFromDatabaseChangeLogGenerator matches liquibase.sqlgenerator.SqlGenerator
2022-01-20 16:47:54.336 DEBUG 17060 --- [           main] l.s.CustomResolverServiceLocator         : liquibase.sqlgenerator.core.StoredProcedureGenerator matches liquibase.sqlgenerator.SqlGenerator
2022-01-20 16:47:54.336 DEBUG 17060 --- [           main] l.s.CustomResolverServiceLocator         : liquibase.sqlgenerator.core.AddDefaultValueGenerator matches liquibase.sqlgenerator.SqlGenerator
2022-01-20 16:47:54.337 DEBUG 17060 --- [           main] l.s.CustomResolverServiceLocator         : liquibase.sqlgenerator.core.AddAutoIncrementGeneratorInformix matches liquibase.sqlgenerator.SqlGenerator
2022-01-20 16:47:54.337 DEBUG 17060 --- [           main] l.s.CustomResolverServiceLocator         : liquibase.sqlgenerator.core.SetColumnRemarksGenerator matches liquibase.sqlgenerator.SqlGenerator
2022-01-20 16:47:54.337 DEBUG 17060 --- [           main] l.s.CustomResolverServiceLocator         : liquibase.sqlgenerator.core.CreateSequenceGenerator matches liquibase.sqlgenerator.SqlGenerator
2022-01-20 16:47:54.338 DEBUG 17060 --- [           main] l.s.CustomResolverServiceLocator         : liquibase.sqlgenerator.core.GetViewDefinitionGenerator matches liquibase.sqlgenerator.SqlGenerator
2022-01-20 16:47:54.338 DEBUG 17060 --- [           main] l.s.CustomResolverServiceLocator         : liquibase.sqlgenerator.core.InsertSetGenerator matches liquibase.sqlgenerator.SqlGenerator
2022-01-20 16:47:54.339 DEBUG 17060 --- [           main] l.s.CustomResolverServiceLocator         : liquibase.sqlgenerator.core.AddForeignKeyConstraintGenerator matches liquibase.sqlgenerator.SqlGenerator
2022-01-20 16:47:54.339 DEBUG 17060 --- [           main] l.s.CustomResolverServiceLocator         : liquibase.sqlgenerator.core.InsertOrUpdateGeneratorDB2 matches liquibase.sqlgenerator.SqlGenerator
2022-01-20 16:47:54.339 DEBUG 17060 --- [           main] l.s.CustomResolverServiceLocator         : liquibase.sqlgenerator.core.GetViewDefinitionGeneratorDerby matches liquibase.sqlgenerator.SqlGenerator
2022-01-20 16:47:54.339 DEBUG 17060 --- [           main] l.s.CustomResolverServiceLocator         : liquibase.sqlgenerator.core.BatchDmlExecutablePreparedStatementGenerator matches liquibase.sqlgenerator.SqlGenerator
2022-01-20 16:47:54.339 DEBUG 17060 --- [           main] l.s.CustomResolverServiceLocator         : liquibase.sqlgenerator.core.InsertOrUpdateGeneratorMySQL matches liquibase.sqlgenerator.SqlGenerator
2022-01-20 16:47:54.340 DEBUG 17060 --- [           main] l.s.CustomResolverServiceLocator         : liquibase.sqlgenerator.core.DropDefaultValueGenerator matches liquibase.sqlgenerator.SqlGenerator
2022-01-20 16:47:54.340 DEBUG 17060 --- [           main] l.s.CustomResolverServiceLocator         : liquibase.sqlgenerator.core.ClearDatabaseChangeLogTableGenerator matches liquibase.sqlgenerator.SqlGenerator
2022-01-20 16:47:54.340 DEBUG 17060 --- [           main] l.s.CustomResolverServiceLocator         : liquibase.sqlgenerator.core.CreateTableGenerator matches liquibase.sqlgenerator.SqlGenerator
2022-01-20 16:47:54.340 DEBUG 17060 --- [           main] l.s.CustomResolverServiceLocator         : liquibase.sqlgenerator.core.AddColumnGenerator matches liquibase.sqlgenerator.SqlGenerator
2022-01-20 16:47:54.340 DEBUG 17060 --- [           main] l.s.CustomResolverServiceLocator         : liquibase.sqlgenerator.core.AddColumnGeneratorDefaultClauseBeforeNotNull matches liquibase.sqlgenerator.SqlGenerator
2022-01-20 16:47:54.341 DEBUG 17060 --- [           main] l.s.CustomResolverServiceLocator         : liquibase.sqlgenerator.core.UpdateGenerator matches liquibase.sqlgenerator.SqlGenerator
2022-01-20 16:47:54.341 DEBUG 17060 --- [           main] l.s.CustomResolverServiceLocator         : liquibase.sqlgenerator.core.DropSequenceGenerator matches liquibase.sqlgenerator.SqlGenerator
2022-01-20 16:47:54.341 DEBUG 17060 --- [           main] l.s.CustomResolverServiceLocator         : liquibase.sqlgenerator.core.AddUniqueConstraintGenerator matches liquibase.sqlgenerator.SqlGenerator
2022-01-20 16:47:54.341 DEBUG 17060 --- [           main] l.s.CustomResolverServiceLocator         : liquibase.sqlgenerator.core.DropIndexGenerator matches liquibase.sqlgenerator.SqlGenerator
2022-01-20 16:47:54.341 DEBUG 17060 --- [           main] l.s.CustomResolverServiceLocator         : liquibase.sqlgenerator.core.AddDefaultValueGeneratorInformix matches liquibase.sqlgenerator.SqlGenerator
2022-01-20 16:47:54.341 DEBUG 17060 --- [           main] l.s.CustomResolverServiceLocator         : liquibase.sqlgenerator.core.InsertOrUpdateGeneratorSQLite matches liquibase.sqlgenerator.SqlGenerator
2022-01-20 16:47:54.341 DEBUG 17060 --- [           main] l.s.CustomResolverServiceLocator         : liquibase.sqlgenerator.core.InsertOrUpdateGeneratorH2 matches liquibase.sqlgenerator.SqlGenerator
2022-01-20 16:47:54.341 DEBUG 17060 --- [           main] l.s.CustomResolverServiceLocator         : liquibase.sqlgenerator.core.InsertOrUpdateGeneratorInformix matches liquibase.sqlgenerator.SqlGenerator
2022-01-20 16:47:54.341 DEBUG 17060 --- [           main] l.s.CustomResolverServiceLocator         : liquibase.sqlgenerator.core.UpdateChangeSetChecksumGenerator matches liquibase.sqlgenerator.SqlGenerator
2022-01-20 16:47:54.341 DEBUG 17060 --- [           main] l.s.CustomResolverServiceLocator         : liquibase.sqlgenerator.core.RuntimeGenerator matches liquibase.sqlgenerator.SqlGenerator
2022-01-20 16:47:54.341 DEBUG 17060 --- [           main] l.s.CustomResolverServiceLocator         : liquibase.sqlgenerator.core.InsertOrUpdateGeneratorSybaseASA matches liquibase.sqlgenerator.SqlGenerator
2022-01-20 16:47:54.342 DEBUG 17060 --- [           main] l.s.CustomResolverServiceLocator         : liquibase.sqlgenerator.core.AddDefaultValueGeneratorOracle matches liquibase.sqlgenerator.SqlGenerator
2022-01-20 16:47:54.342 DEBUG 17060 --- [           main] l.s.CustomResolverServiceLocator         : liquibase.sqlgenerator.core.AddAutoIncrementGeneratorSQLite matches liquibase.sqlgenerator.SqlGenerator
2022-01-20 16:47:54.342 DEBUG 17060 --- [           main] l.s.CustomResolverServiceLocator         : liquibase.sqlgenerator.core.GetViewDefinitionGeneratorOracle matches liquibase.sqlgenerator.SqlGenerator
2022-01-20 16:47:54.342 DEBUG 17060 --- [           main] l.s.CustomResolverServiceLocator         : liquibase.sqlgenerator.core.ModifyDataTypeGenerator matches liquibase.sqlgenerator.SqlGenerator
2022-01-20 16:47:54.342 DEBUG 17060 --- [           main] l.s.CustomResolverServiceLocator         : liquibase.sqlgenerator.core.AddDefaultValueGeneratorSybase matches liquibase.sqlgenerator.SqlGenerator
2022-01-20 16:47:54.342 DEBUG 17060 --- [           main] l.s.CustomResolverServiceLocator         : liquibase.sqlgenerator.core.RawSqlGenerator matches liquibase.sqlgenerator.SqlGenerator
2022-01-20 16:47:54.342 DEBUG 17060 --- [           main] l.s.CustomResolverServiceLocator         : liquibase.sqlgenerator.core.CreateDatabaseChangeLogTableGenerator matches liquibase.sqlgenerator.SqlGenerator
2022-01-20 16:47:54.342 DEBUG 17060 --- [           main] l.s.CustomResolverServiceLocator         : liquibase.sqlgenerator.core.AddColumnGeneratorSQLite matches liquibase.sqlgenerator.SqlGenerator
2022-01-20 16:47:54.342 DEBUG 17060 --- [           main] l.s.CustomResolverServiceLocator         : liquibase.sqlgenerator.core.AddPrimaryKeyGeneratorInformix matches liquibase.sqlgenerator.SqlGenerator
2022-01-20 16:47:54.343 DEBUG 17060 --- [           main] l.s.CustomResolverServiceLocator         : liquibase.sqlgenerator.core.CreateDatabaseChangeLogLockTableGenerator matches liquibase.sqlgenerator.SqlGenerator
2022-01-20 16:47:54.343 DEBUG 17060 --- [           main] l.s.CustomResolverServiceLocator         : liquibase.sqlgenerator.core.RemoveChangeSetRanStatusGenerator matches liquibase.sqlgenerator.SqlGenerator
2022-01-20 16:47:54.343 DEBUG 17060 --- [           main] l.s.CustomResolverServiceLocator         : liquibase.sqlgenerator.core.GetViewDefinitionGeneratorSybase matches liquibase.sqlgenerator.SqlGenerator
2022-01-20 16:47:54.343 DEBUG 17060 --- [           main] l.s.CustomResolverServiceLocator         : liquibase.sqlgenerator.core.GetViewDefinitionGeneratorHsql matches liquibase.sqlgenerator.SqlGenerator
2022-01-20 16:47:54.343 DEBUG 17060 --- [           main] l.s.CustomResolverServiceLocator         : liquibase.sqlgenerator.core.RenameTableGenerator matches liquibase.sqlgenerator.SqlGenerator
2022-01-20 16:47:54.343 DEBUG 17060 --- [           main] l.s.CustomResolverServiceLocator         : com.datical.liquibase.ext.storedlogic.checkconstraint.change.DisableCheckConstraintGenerator matches liquibase.sqlgenerator.SqlGenerator
2022-01-20 16:47:54.343 DEBUG 17060 --- [           main] l.s.CustomResolverServiceLocator         : com.datical.liquibase.ext.storedlogic.function.change.CreateFunctionGenerator matches liquibase.sqlgenerator.SqlGenerator
2022-01-20 16:47:54.343 DEBUG 17060 --- [           main] l.s.CustomResolverServiceLocator         : com.datical.liquibase.ext.storedlogic.trigger.change.DropTriggerGenerator matches liquibase.sqlgenerator.SqlGenerator
2022-01-20 16:47:54.343 DEBUG 17060 --- [           main] l.s.CustomResolverServiceLocator         : com.datical.liquibase.ext.appdba.markunused.change.MarkUnusedGenerator matches liquibase.sqlgenerator.SqlGenerator
2022-01-20 16:47:54.343 DEBUG 17060 --- [           main] l.s.CustomResolverServiceLocator         : com.datical.liquibase.ext.storedlogic.checkconstraint.change.AddCheckConstraintGenerator matches liquibase.sqlgenerator.SqlGenerator
2022-01-20 16:47:54.344 DEBUG 17060 --- [           main] l.s.CustomResolverServiceLocator         : com.datical.liquibase.ext.storedlogic.databasepackage.change.CreatePackageBodyGenerator matches liquibase.sqlgenerator.SqlGenerator
2022-01-20 16:47:54.344 DEBUG 17060 --- [           main] l.s.CustomResolverServiceLocator         : com.datical.liquibase.ext.storedlogic.checkconstraint.change.EnableCheckConstraintGenerator matches liquibase.sqlgenerator.SqlGenerator
2022-01-20 16:47:54.344 DEBUG 17060 --- [           main] l.s.CustomResolverServiceLocator         : com.datical.liquibase.ext.storedlogic.databasepackage.change.DropPackageBodyGenerator matches liquibase.sqlgenerator.SqlGenerator
2022-01-20 16:47:54.344 DEBUG 17060 --- [           main] l.s.CustomResolverServiceLocator         : com.datical.liquibase.ext.appdba.synonym.change.DropSynonymGenerator matches liquibase.sqlgenerator.SqlGenerator
2022-01-20 16:47:54.344 DEBUG 17060 --- [           main] l.s.CustomResolverServiceLocator         : com.datical.liquibase.ext.storedlogic.trigger.change.DisableTriggerGenerator matches liquibase.sqlgenerator.SqlGenerator
2022-01-20 16:47:54.344 DEBUG 17060 --- [           main] l.s.CustomResolverServiceLocator         : com.datical.liquibase.ext.storedlogic.trigger.change.RenameTriggerGenerator matches liquibase.sqlgenerator.SqlGenerator
2022-01-20 16:47:54.344 DEBUG 17060 --- [           main] l.s.CustomResolverServiceLocator         : com.datical.liquibase.ext.storedlogic.databasepackage.change.DropPackageGenerator matches liquibase.sqlgenerator.SqlGenerator
2022-01-20 16:47:54.344 DEBUG 17060 --- [           main] l.s.CustomResolverServiceLocator         : com.datical.liquibase.ext.storedlogic.databasepackage.change.CreatePackageGenerator matches liquibase.sqlgenerator.SqlGenerator
2022-01-20 16:47:54.344 DEBUG 17060 --- [           main] l.s.CustomResolverServiceLocator         : com.datical.liquibase.ext.storedlogic.checkconstraint.change.DropCheckConstraintGenerator matches liquibase.sqlgenerator.SqlGenerator
2022-01-20 16:47:54.345 DEBUG 17060 --- [           main] l.s.CustomResolverServiceLocator         : com.datical.liquibase.ext.appdba.synonym.change.CreateSynonymGenerator matches liquibase.sqlgenerator.SqlGenerator
2022-01-20 16:47:54.345 DEBUG 17060 --- [           main] l.s.CustomResolverServiceLocator         : com.datical.liquibase.ext.storedlogic.trigger.change.CreateTriggerGenerator matches liquibase.sqlgenerator.SqlGenerator
2022-01-20 16:47:54.345 DEBUG 17060 --- [           main] l.s.CustomResolverServiceLocator         : com.datical.liquibase.ext.storedlogic.trigger.change.EnableTriggerGenerator matches liquibase.sqlgenerator.SqlGenerator
2022-01-20 16:47:54.345 DEBUG 17060 --- [           main] l.s.CustomResolverServiceLocator         : com.datical.liquibase.ext.storedlogic.function.change.DropFunctionGenerator matches liquibase.sqlgenerator.SqlGenerator
2022-01-20 16:47:54.369  INFO 17060 --- [           main] liquibase.executor.jvm.JdbcExecutor      : SELECT COUNT(*) FROM SCHOOL.DATABASECHANGELOGLOCK
2022-01-20 16:47:54.371 DEBUG 17060 --- [           main] liquibase.executor.jvm.JdbcExecutor      : Create Database Lock Table
2022-01-20 16:47:54.371 DEBUG 17060 --- [           main] liquibase.executor.jvm.JdbcExecutor      : Executing with the 'jdbc' executor
2022-01-20 16:47:54.372 DEBUG 17060 --- [           main] l.s.CustomResolverServiceLocator         : ServiceLocator.findClasses for liquibase.datatype.LiquibaseDataType
2022-01-20 16:47:54.373 DEBUG 17060 --- [           main] l.s.CustomResolverServiceLocator         : ServiceLocator finding classes matching interface liquibase.datatype.LiquibaseDataType
2022-01-20 16:47:54.374 DEBUG 17060 --- [           main] l.s.CustomResolverServiceLocator         : liquibase.datatype.core.TinyIntType matches liquibase.datatype.LiquibaseDataType
2022-01-20 16:47:54.374 DEBUG 17060 --- [           main] l.s.CustomResolverServiceLocator         : liquibase.datatype.core.IntType matches liquibase.datatype.LiquibaseDataType
2022-01-20 16:47:54.375 DEBUG 17060 --- [           main] l.s.CustomResolverServiceLocator         : liquibase.datatype.core.XMLType matches liquibase.datatype.LiquibaseDataType
2022-01-20 16:47:54.375 DEBUG 17060 --- [           main] l.s.CustomResolverServiceLocator         : liquibase.datatype.core.UUIDType matches liquibase.datatype.LiquibaseDataType
2022-01-20 16:47:54.375 DEBUG 17060 --- [           main] l.s.CustomResolverServiceLocator         : liquibase.datatype.core.DateType matches liquibase.datatype.LiquibaseDataType
2022-01-20 16:47:54.375 DEBUG 17060 --- [           main] l.s.CustomResolverServiceLocator         : liquibase.datatype.core.SmallIntType matches liquibase.datatype.LiquibaseDataType
2022-01-20 16:47:54.375 DEBUG 17060 --- [           main] l.s.CustomResolverServiceLocator         : liquibase.datatype.core.TimeType matches liquibase.datatype.LiquibaseDataType
2022-01-20 16:47:54.376 DEBUG 17060 --- [           main] l.s.CustomResolverServiceLocator         : liquibase.datatype.core.ClobType matches liquibase.datatype.LiquibaseDataType
2022-01-20 16:47:54.376 DEBUG 17060 --- [           main] l.s.CustomResolverServiceLocator         : liquibase.datatype.core.DateTimeType matches liquibase.datatype.LiquibaseDataType
2022-01-20 16:47:54.376 DEBUG 17060 --- [           main] l.s.CustomResolverServiceLocator         : liquibase.datatype.core.CharType matches liquibase.datatype.LiquibaseDataType
2022-01-20 16:47:54.376 DEBUG 17060 --- [           main] l.s.CustomResolverServiceLocator         : liquibase.datatype.core.UnknownType matches liquibase.datatype.LiquibaseDataType
2022-01-20 16:47:54.377 DEBUG 17060 --- [           main] l.s.CustomResolverServiceLocator         : liquibase.datatype.core.MediumIntType matches liquibase.datatype.LiquibaseDataType
2022-01-20 16:47:54.377 DEBUG 17060 --- [           main] l.s.CustomResolverServiceLocator         : liquibase.datatype.core.BlobType matches liquibase.datatype.LiquibaseDataType
2022-01-20 16:47:54.377 DEBUG 17060 --- [           main] l.s.CustomResolverServiceLocator         : liquibase.datatype.core.VarcharType matches liquibase.datatype.LiquibaseDataType
2022-01-20 16:47:54.377 DEBUG 17060 --- [           main] l.s.CustomResolverServiceLocator         : liquibase.datatype.core.FloatType matches liquibase.datatype.LiquibaseDataType
2022-01-20 16:47:54.377 DEBUG 17060 --- [           main] l.s.CustomResolverServiceLocator         : liquibase.datatype.core.CurrencyType matches liquibase.datatype.LiquibaseDataType
2022-01-20 16:47:54.377 DEBUG 17060 --- [           main] l.s.CustomResolverServiceLocator         : liquibase.datatype.core.NVarcharType matches liquibase.datatype.LiquibaseDataType
2022-01-20 16:47:54.378 DEBUG 17060 --- [           main] l.s.CustomResolverServiceLocator         : liquibase.datatype.core.BigIntType matches liquibase.datatype.LiquibaseDataType
2022-01-20 16:47:54.378 DEBUG 17060 --- [           main] l.s.CustomResolverServiceLocator         : liquibase.datatype.core.DatabaseFunctionType matches liquibase.datatype.LiquibaseDataType
2022-01-20 16:47:54.378 DEBUG 17060 --- [           main] l.s.CustomResolverServiceLocator         : liquibase.datatype.core.BooleanType matches liquibase.datatype.LiquibaseDataType
2022-01-20 16:47:54.378 DEBUG 17060 --- [           main] l.s.CustomResolverServiceLocator         : liquibase.datatype.core.NumberType matches liquibase.datatype.LiquibaseDataType
2022-01-20 16:47:54.380 DEBUG 17060 --- [           main] l.s.CustomResolverServiceLocator         : liquibase.datatype.core.TimestampType matches liquibase.datatype.LiquibaseDataType
2022-01-20 16:47:54.380 DEBUG 17060 --- [           main] l.s.CustomResolverServiceLocator         : liquibase.datatype.core.DecimalType matches liquibase.datatype.LiquibaseDataType
2022-01-20 16:47:54.380 DEBUG 17060 --- [           main] l.s.CustomResolverServiceLocator         : liquibase.datatype.core.DoubleType matches liquibase.datatype.LiquibaseDataType
2022-01-20 16:47:54.380 DEBUG 17060 --- [           main] l.s.CustomResolverServiceLocator         : liquibase.datatype.core.NCharType matches liquibase.datatype.LiquibaseDataType
2022-01-20 16:47:54.384  INFO 17060 --- [           main] liquibase.executor.jvm.JdbcExecutor      : CREATE TABLE SCHOOL.DATABASECHANGELOGLOCK (ID INT NOT NULL, LOCKED BOOLEAN NOT NULL, LOCKGRANTED TIMESTAMP, LOCKEDBY VARCHAR(255), CONSTRAINT PK_DATABASECHANGELOGLOCK PRIMARY KEY (ID))
2022-01-20 16:47:54.390 DEBUG 17060 --- [           main] liquibase.executor.jvm.JdbcExecutor      : 0 row(s) affected
2022-01-20 16:47:54.391 DEBUG 17060 --- [           main] l.lockservice.StandardLockService        : Created database lock table with name: SCHOOL.DATABASECHANGELOGLOCK
2022-01-20 16:47:54.391 DEBUG 17060 --- [           main] liquibase.executor.jvm.JdbcExecutor      : Executing with the 'jdbc' executor
2022-01-20 16:47:54.391  INFO 17060 --- [           main] liquibase.executor.jvm.JdbcExecutor      : SELECT COUNT(*) FROM SCHOOL.DATABASECHANGELOGLOCK
2022-01-20 16:47:54.393 DEBUG 17060 --- [           main] liquibase.executor.jvm.JdbcExecutor      : Initialize Database Lock Table
2022-01-20 16:47:54.393 DEBUG 17060 --- [           main] liquibase.executor.jvm.JdbcExecutor      : Executing with the 'jdbc' executor
2022-01-20 16:47:54.395  INFO 17060 --- [           main] liquibase.executor.jvm.JdbcExecutor      : DELETE FROM SCHOOL.DATABASECHANGELOGLOCK
2022-01-20 16:47:54.397 DEBUG 17060 --- [           main] liquibase.executor.jvm.JdbcExecutor      : 0 row(s) affected
2022-01-20 16:47:54.397  INFO 17060 --- [           main] liquibase.executor.jvm.JdbcExecutor      : INSERT INTO SCHOOL.DATABASECHANGELOGLOCK (ID, LOCKED) VALUES (1, FALSE)
2022-01-20 16:47:54.398 DEBUG 17060 --- [           main] liquibase.executor.jvm.JdbcExecutor      : 1 row(s) affected
2022-01-20 16:47:54.399 DEBUG 17060 --- [           main] liquibase.executor.jvm.JdbcExecutor      : Executing with the 'jdbc' executor
2022-01-20 16:47:54.400  INFO 17060 --- [           main] liquibase.executor.jvm.JdbcExecutor      : SELECT LOCKED FROM SCHOOL.DATABASECHANGELOGLOCK WHERE ID=1
2022-01-20 16:47:54.402 DEBUG 17060 --- [           main] liquibase.executor.jvm.JdbcExecutor      : Lock Database
2022-01-20 16:47:54.403 DEBUG 17060 --- [           main] liquibase.executor.jvm.JdbcExecutor      : Executing with the 'jdbc' executor
2022-01-20 16:47:54.406 DEBUG 17060 --- [           main] liquibase.executor.jvm.JdbcExecutor      : UPDATE SCHOOL.DATABASECHANGELOGLOCK SET LOCKED = TRUE, LOCKEDBY = 'DESKTOP-QDRCHIL (172.16.0.39)', LOCKGRANTED = '2022-01-20 16:47:54.403' WHERE ID = 1 AND LOCKED = FALSE
2022-01-20 16:47:54.409  INFO 17060 --- [           main] l.lockservice.StandardLockService        : Successfully acquired change log lock
2022-01-20 16:47:54.410 DEBUG 17060 --- [           main] l.s.CustomResolverServiceLocator         : ServiceLocator.findClasses for liquibase.parser.ChangeLogParser
2022-01-20 16:47:54.410 DEBUG 17060 --- [           main] l.s.CustomResolverServiceLocator         : ServiceLocator finding classes matching interface liquibase.parser.ChangeLogParser
2022-01-20 16:47:54.412 DEBUG 17060 --- [           main] l.s.CustomResolverServiceLocator         : liquibase.parser.core.sql.SqlChangeLogParser matches liquibase.parser.ChangeLogParser
2022-01-20 16:47:54.412 DEBUG 17060 --- [           main] l.s.CustomResolverServiceLocator         : liquibase.parser.core.xml.XMLChangeLogSAXParser matches liquibase.parser.ChangeLogParser
2022-01-20 16:47:54.413 DEBUG 17060 --- [           main] l.s.CustomResolverServiceLocator         : liquibase.parser.core.yaml.YamlChangeLogParser matches liquibase.parser.ChangeLogParser
2022-01-20 16:47:54.414 DEBUG 17060 --- [           main] l.s.CustomResolverServiceLocator         : liquibase.parser.core.formattedsql.FormattedSqlChangeLogParser matches liquibase.parser.ChangeLogParser
2022-01-20 16:47:54.414 DEBUG 17060 --- [           main] l.s.CustomResolverServiceLocator         : liquibase.parser.core.json.JsonChangeLogParser matches liquibase.parser.ChangeLogParser
2022-01-20 16:47:54.415 DEBUG 17060 --- [           main] i.s.SpringLiquibase$SpringResourceOpener : Opening file:/C:/Users/rsof8/IdeaProjects/spring-boot-rest-api-liquibase-mysql-docker/school-api/target/classes/config/liquibase/master.xml as classpath:config/liquibase/master.xml
2022-01-20 16:47:54.421 DEBUG 17060 --- [           main] l.s.CustomResolverServiceLocator         : ServiceLocator.findClasses for liquibase.change.Change
2022-01-20 16:47:54.421 DEBUG 17060 --- [           main] l.s.CustomResolverServiceLocator         : ServiceLocator finding classes matching interface liquibase.change.Change
2022-01-20 16:47:54.423 DEBUG 17060 --- [           main] l.s.CustomResolverServiceLocator         : liquibase.change.core.SQLFileChange matches liquibase.change.Change
2022-01-20 16:47:54.424 DEBUG 17060 --- [           main] l.s.CustomResolverServiceLocator         : liquibase.change.core.DropForeignKeyConstraintChange matches liquibase.change.Change
2022-01-20 16:47:54.424 DEBUG 17060 --- [           main] l.s.CustomResolverServiceLocator         : liquibase.change.core.DropColumnChange matches liquibase.change.Change
2022-01-20 16:47:54.428 DEBUG 17060 --- [           main] l.s.CustomResolverServiceLocator         : liquibase.change.core.LoadDataChange matches liquibase.change.Change
2022-01-20 16:47:54.428 DEBUG 17060 --- [           main] l.s.CustomResolverServiceLocator         : liquibase.change.core.InsertDataChange matches liquibase.change.Change
2022-01-20 16:47:54.428 DEBUG 17060 --- [           main] l.s.CustomResolverServiceLocator         : liquibase.change.core.StopChange matches liquibase.change.Change
2022-01-20 16:47:54.428 DEBUG 17060 --- [           main] l.s.CustomResolverServiceLocator         : liquibase.change.core.RenameSequenceChange matches liquibase.change.Change
2022-01-20 16:47:54.428 DEBUG 17060 --- [           main] l.s.CustomResolverServiceLocator         : liquibase.change.core.ModifyDataTypeChange matches liquibase.change.Change
2022-01-20 16:47:54.429 DEBUG 17060 --- [           main] l.s.CustomResolverServiceLocator         : liquibase.change.core.DropIndexChange matches liquibase.change.Change
2022-01-20 16:47:54.429 DEBUG 17060 --- [           main] l.s.CustomResolverServiceLocator         : liquibase.change.core.AddPrimaryKeyChange matches liquibase.change.Change
2022-01-20 16:47:54.429 DEBUG 17060 --- [           main] l.s.CustomResolverServiceLocator         : liquibase.change.core.OutputChange matches liquibase.change.Change
2022-01-20 16:47:54.429 DEBUG 17060 --- [           main] l.s.CustomResolverServiceLocator         : liquibase.change.core.SetTableRemarksChange matches liquibase.change.Change
2022-01-20 16:47:54.430 DEBUG 17060 --- [           main] l.s.CustomResolverServiceLocator         : liquibase.change.core.ExecuteShellCommandChange matches liquibase.change.Change
2022-01-20 16:47:54.430 DEBUG 17060 --- [           main] l.s.CustomResolverServiceLocator         : liquibase.change.core.DropAllForeignKeyConstraintsChange matches liquibase.change.Change
2022-01-20 16:47:54.430 DEBUG 17060 --- [           main] l.s.CustomResolverServiceLocator         : liquibase.change.core.MergeColumnChange matches liquibase.change.Change
2022-01-20 16:47:54.431 DEBUG 17060 --- [           main] l.s.CustomResolverServiceLocator         : liquibase.change.core.RawSQLChange matches liquibase.change.Change
2022-01-20 16:47:54.431 DEBUG 17060 --- [           main] l.s.CustomResolverServiceLocator         : liquibase.change.core.DropViewChange matches liquibase.change.Change
2022-01-20 16:47:54.431 DEBUG 17060 --- [           main] l.s.CustomResolverServiceLocator         : liquibase.change.core.AddUniqueConstraintChange matches liquibase.change.Change
2022-01-20 16:47:54.431 DEBUG 17060 --- [           main] l.s.CustomResolverServiceLocator         : liquibase.change.core.CreateIndexChange matches liquibase.change.Change
2022-01-20 16:47:54.431 DEBUG 17060 --- [           main] l.s.CustomResolverServiceLocator         : liquibase.change.core.DropPrimaryKeyChange matches liquibase.change.Change
2022-01-20 16:47:54.432 DEBUG 17060 --- [           main] l.s.CustomResolverServiceLocator         : liquibase.change.core.EmptyChange matches liquibase.change.Change
2022-01-20 16:47:54.432 DEBUG 17060 --- [           main] l.s.CustomResolverServiceLocator         : liquibase.change.core.AddDefaultValueChange matches liquibase.change.Change
2022-01-20 16:47:54.432 DEBUG 17060 --- [           main] l.s.CustomResolverServiceLocator         : liquibase.change.core.DeleteDataChange matches liquibase.change.Change
2022-01-20 16:47:54.433 DEBUG 17060 --- [           main] l.s.CustomResolverServiceLocator         : liquibase.change.core.AddAutoIncrementChange matches liquibase.change.Change
2022-01-20 16:47:54.433 DEBUG 17060 --- [           main] l.s.CustomResolverServiceLocator         : liquibase.change.core.UpdateDataChange matches liquibase.change.Change
2022-01-20 16:47:54.433 DEBUG 17060 --- [           main] l.s.CustomResolverServiceLocator         : liquibase.change.core.RenameTableChange matches liquibase.change.Change
2022-01-20 16:47:54.434 DEBUG 17060 --- [           main] l.s.CustomResolverServiceLocator         : liquibase.change.core.RenameColumnChange matches liquibase.change.Change
2022-01-20 16:47:54.434 DEBUG 17060 --- [           main] l.s.CustomResolverServiceLocator         : liquibase.change.core.CreateTableChange matches liquibase.change.Change
2022-01-20 16:47:54.434 DEBUG 17060 --- [           main] l.s.CustomResolverServiceLocator         : liquibase.change.core.TagDatabaseChange matches liquibase.change.Change
2022-01-20 16:47:54.434 DEBUG 17060 --- [           main] l.s.CustomResolverServiceLocator         : liquibase.change.core.DropProcedureChange matches liquibase.change.Change
2022-01-20 16:47:54.434 DEBUG 17060 --- [           main] l.s.CustomResolverServiceLocator         : liquibase.change.core.DropDefaultValueChange matches liquibase.change.Change
2022-01-20 16:47:54.434 DEBUG 17060 --- [           main] l.s.CustomResolverServiceLocator         : liquibase.change.core.AddForeignKeyConstraintChange matches liquibase.change.Change
2022-01-20 16:47:54.435 DEBUG 17060 --- [           main] l.s.CustomResolverServiceLocator         : liquibase.change.core.CreateProcedureChange matches liquibase.change.Change
2022-01-20 16:47:54.435 DEBUG 17060 --- [           main] l.s.CustomResolverServiceLocator         : liquibase.change.core.DropTableChange matches liquibase.change.Change
2022-01-20 16:47:54.436 DEBUG 17060 --- [           main] l.s.CustomResolverServiceLocator         : liquibase.change.custom.CustomChangeWrapper matches liquibase.change.Change
2022-01-20 16:47:54.436 DEBUG 17060 --- [           main] l.s.CustomResolverServiceLocator         : liquibase.change.core.AddColumnChange matches liquibase.change.Change
2022-01-20 16:47:54.436 DEBUG 17060 --- [           main] l.s.CustomResolverServiceLocator         : liquibase.change.core.SetColumnRemarksChange matches liquibase.change.Change
2022-01-20 16:47:54.436 DEBUG 17060 --- [           main] l.s.CustomResolverServiceLocator         : liquibase.change.core.DropNotNullConstraintChange matches liquibase.change.Change
2022-01-20 16:47:54.437 DEBUG 17060 --- [           main] l.s.CustomResolverServiceLocator         : liquibase.change.core.AlterSequenceChange matches liquibase.change.Change
2022-01-20 16:47:54.437 DEBUG 17060 --- [           main] l.s.CustomResolverServiceLocator         : liquibase.change.core.CreateViewChange matches liquibase.change.Change
2022-01-20 16:47:54.437 DEBUG 17060 --- [           main] l.s.CustomResolverServiceLocator         : liquibase.change.core.AddNotNullConstraintChange matches liquibase.change.Change
2022-01-20 16:47:54.437 DEBUG 17060 --- [           main] l.s.CustomResolverServiceLocator         : liquibase.change.core.DropUniqueConstraintChange matches liquibase.change.Change
2022-01-20 16:47:54.437 DEBUG 17060 --- [           main] l.s.CustomResolverServiceLocator         : liquibase.change.core.DropSequenceChange matches liquibase.change.Change
2022-01-20 16:47:54.437 DEBUG 17060 --- [           main] l.s.CustomResolverServiceLocator         : liquibase.change.core.RenameViewChange matches liquibase.change.Change
[...]
2022-01-20 16:47:54.705  INFO 17060 --- [           main] liquibase.executor.jvm.JdbcExecutor      : SELECT * FROM SCHOOL.DATABASECHANGELOG ORDER BY DATEEXECUTED ASC, ORDEREXECUTED ASC
2022-01-20 16:47:54.706 DEBUG 17060 --- [           main] liquibase.executor.jvm.JdbcExecutor      : Executing with the 'jdbc' executor
2022-01-20 16:47:54.706  INFO 17060 --- [           main] liquibase.executor.jvm.JdbcExecutor      : SELECT COUNT(*) FROM SCHOOL.DATABASECHANGELOGLOCK
2022-01-20 16:47:54.713 DEBUG 17060 --- [           main] liquibase.util.MD5Util                   : Computed checksum for createTable:[
    columns=[
        [
            [
                nullable="false"
                primaryKey="true"
            ]
            autoIncrement="true"
            name="id"
            type="BIGINT"
        ],
        [
            [
                nullable="false"
            ]
            name="name"
            type="varchar(100)"
        ]
    ]
    tableName="t_student"
] as 29e1b0f2e4df2cf923e6b1ad2cc78019
2022-01-20 16:47:54.713 DEBUG 17060 --- [           main] liquibase.util.MD5Util                   : Computed checksum for 8:29e1b0f2e4df2cf923e6b1ad2cc78019: as 030b0bb175f532e6e81facfa31753583
2022-01-20 16:47:54.727 DEBUG 17060 --- [           main] liquibase.util.MD5Util                   : Computed checksum for createTable:[
    columns=[
        [
            [
                nullable="false"
                primaryKey="true"
            ]
            autoIncrement="true"
            name="id"
            type="BIGINT"
        ],
        [
            [
                nullable="false"
            ]
            name="name"
            type="varchar(100)"
        ]
    ]
    tableName="t_course"
] as 0c2f84440bd18503624589092c142284
2022-01-20 16:47:54.728 DEBUG 17060 --- [           main] liquibase.util.MD5Util                   : Computed checksum for 8:0c2f84440bd18503624589092c142284: as 044fcc8db6c56973e886b19b06257d1a
2022-01-20 16:47:54.730 DEBUG 17060 --- [           main] liquibase.util.MD5Util                   : Computed checksum for createTable:[
    columns=[
        [
            [
                nullable="false"
                primaryKey="true"
            ]
            name="student_id"
            type="BIGINT"
        ],
        [
            [
                nullable="false"
                primaryKey="true"
            ]
            name="course_id"
            type="BIGINT"
        ]
    ]
    tableName="t_student_course"
] as 7081d944c4b1bc30e579ba8a2c906539
2022-01-20 16:47:54.730 DEBUG 17060 --- [           main] liquibase.util.MD5Util                   : Computed checksum for 8:7081d944c4b1bc30e579ba8a2c906539: as 23ead3a93053533f4ca0032e17df778a
2022-01-20 16:47:54.731 DEBUG 17060 --- [           main] l.changelog.visitor.UpdateVisitor        : Running Changeset:config/liquibase/changelog/00000000000000_initial_schema.xml::01_add_student_table::rosouza
2022-01-20 16:47:54.731 DEBUG 17060 --- [           main] liquibase.executor.jvm.JdbcExecutor      : Changeset config/liquibase/changelog/00000000000000_initial_schema.xml::01_add_student_table::rosouza
2022-01-20 16:47:54.732 DEBUG 17060 --- [           main] liquibase.changelog.ChangeSet            : Reading ChangeSet: config/liquibase/changelog/00000000000000_initial_schema.xml::01_add_student_table::rosouza
2022-01-20 16:47:54.732 DEBUG 17060 --- [           main] liquibase.database.core.H2Database       : Executing Statement: liquibase.statement.core.CreateTableStatement@21197d30
2022-01-20 16:47:54.732 DEBUG 17060 --- [           main] liquibase.executor.jvm.JdbcExecutor      : Executing with the 'jdbc' executor
2022-01-20 16:47:54.732  INFO 17060 --- [           main] liquibase.executor.jvm.JdbcExecutor      : CREATE TABLE SCHOOL.t_student (id BIGINT AUTO_INCREMENT NOT NULL, name VARCHAR(100) NOT NULL, CONSTRAINT PK_T_STUDENT PRIMARY KEY (id))
2022-01-20 16:47:54.741 DEBUG 17060 --- [           main] liquibase.executor.jvm.JdbcExecutor      : 0 row(s) affected
2022-01-20 16:47:54.741  INFO 17060 --- [           main] liquibase.changelog.ChangeSet            : Table t_student created
2022-01-20 16:47:54.742  INFO 17060 --- [           main] liquibase.changelog.ChangeSet            : ChangeSet config/liquibase/changelog/00000000000000_initial_schema.xml::01_add_student_table::rosouza ran successfully in 11ms
2022-01-20 16:47:54.742 DEBUG 17060 --- [           main] liquibase.executor.jvm.JdbcExecutor      : Executing with the 'jdbc' executor
2022-01-20 16:47:54.742 DEBUG 17060 --- [           main] liquibase.executor.jvm.JdbcExecutor      : Executing with the 'jdbc' executor
2022-01-20 16:47:54.742  INFO 17060 --- [           main] liquibase.executor.jvm.JdbcExecutor      : SELECT MAX(ORDEREXECUTED) FROM SCHOOL.DATABASECHANGELOG
2022-01-20 16:47:54.749  INFO 17060 --- [           main] liquibase.executor.jvm.JdbcExecutor      : INSERT INTO SCHOOL.DATABASECHANGELOG (ID, AUTHOR, FILENAME, DATEEXECUTED, ORDEREXECUTED, MD5SUM, DESCRIPTION, COMMENTS, EXECTYPE, CONTEXTS, LABELS, LIQUIBASE, DEPLOYMENT_ID) VALUES ('01_add_student_table', 'rosouza', 'config/liquibase/changelog/00000000000000_initial_schema.xml', NOW(), 1, '8:030b0bb175f532e6e81facfa31753583', 'createTable tableName=t_student', '', 'EXECUTED', NULL, NULL, '3.10.1', '2715274706')
2022-01-20 16:47:54.761 DEBUG 17060 --- [           main] liquibase.executor.jvm.JdbcExecutor      : 1 row(s) affected
2022-01-20 16:47:54.761 DEBUG 17060 --- [           main] l.changelog.visitor.UpdateVisitor        : Running Changeset:config/liquibase/changelog/00000000000000_initial_schema.xml::02_add_course_table::rosouza
2022-01-20 16:47:54.761 DEBUG 17060 --- [           main] liquibase.executor.jvm.JdbcExecutor      : Changeset config/liquibase/changelog/00000000000000_initial_schema.xml::02_add_course_table::rosouza
2022-01-20 16:47:54.762 DEBUG 17060 --- [           main] liquibase.changelog.ChangeSet            : Reading ChangeSet: config/liquibase/changelog/00000000000000_initial_schema.xml::02_add_course_table::rosouza
2022-01-20 16:47:54.762 DEBUG 17060 --- [           main] liquibase.database.core.H2Database       : Executing Statement: liquibase.statement.core.CreateTableStatement@610e751a
2022-01-20 16:47:54.762 DEBUG 17060 --- [           main] liquibase.executor.jvm.JdbcExecutor      : Executing with the 'jdbc' executor
2022-01-20 16:47:54.762  INFO 17060 --- [           main] liquibase.executor.jvm.JdbcExecutor      : CREATE TABLE SCHOOL.t_course (id BIGINT AUTO_INCREMENT NOT NULL, name VARCHAR(100) NOT NULL, CONSTRAINT PK_T_COURSE PRIMARY KEY (id))
2022-01-20 16:47:54.764 DEBUG 17060 --- [           main] liquibase.executor.jvm.JdbcExecutor      : 0 row(s) affected
2022-01-20 16:47:54.764  INFO 17060 --- [           main] liquibase.changelog.ChangeSet            : Table t_course created
2022-01-20 16:47:54.764  INFO 17060 --- [           main] liquibase.changelog.ChangeSet            : ChangeSet config/liquibase/changelog/00000000000000_initial_schema.xml::02_add_course_table::rosouza ran successfully in 3ms
2022-01-20 16:47:54.764 DEBUG 17060 --- [           main] liquibase.executor.jvm.JdbcExecutor      : Executing with the 'jdbc' executor
2022-01-20 16:47:54.764  INFO 17060 --- [           main] liquibase.executor.jvm.JdbcExecutor      : INSERT INTO SCHOOL.DATABASECHANGELOG (ID, AUTHOR, FILENAME, DATEEXECUTED, ORDEREXECUTED, MD5SUM, DESCRIPTION, COMMENTS, EXECTYPE, CONTEXTS, LABELS, LIQUIBASE, DEPLOYMENT_ID) VALUES ('02_add_course_table', 'rosouza', 'config/liquibase/changelog/00000000000000_initial_schema.xml', NOW(), 2, '8:044fcc8db6c56973e886b19b06257d1a', 'createTable tableName=t_course', '', 'EXECUTED', NULL, NULL, '3.10.1', '2715274706')
2022-01-20 16:47:54.765 DEBUG 17060 --- [           main] liquibase.executor.jvm.JdbcExecutor      : 1 row(s) affected
2022-01-20 16:47:54.765 DEBUG 17060 --- [           main] l.changelog.visitor.UpdateVisitor        : Running Changeset:config/liquibase/changelog/00000000000000_initial_schema.xml::04_add_student_course_table::rosouza
2022-01-20 16:47:54.765 DEBUG 17060 --- [           main] liquibase.executor.jvm.JdbcExecutor      : Changeset config/liquibase/changelog/00000000000000_initial_schema.xml::04_add_student_course_table::rosouza
2022-01-20 16:47:54.765 DEBUG 17060 --- [           main] liquibase.changelog.ChangeSet            : Reading ChangeSet: config/liquibase/changelog/00000000000000_initial_schema.xml::04_add_student_course_table::rosouza
2022-01-20 16:47:54.765 DEBUG 17060 --- [           main] liquibase.database.core.H2Database       : Executing Statement: liquibase.statement.core.CreateTableStatement@68b6ad66
2022-01-20 16:47:54.765 DEBUG 17060 --- [           main] liquibase.executor.jvm.JdbcExecutor      : Executing with the 'jdbc' executor
2022-01-20 16:47:54.765  INFO 17060 --- [           main] liquibase.executor.jvm.JdbcExecutor      : CREATE TABLE SCHOOL.t_student_course (student_id BIGINT NOT NULL, course_id BIGINT NOT NULL, CONSTRAINT PK_T_STUDENT_COURSE PRIMARY KEY (student_id, course_id))
2022-01-20 16:47:54.771 DEBUG 17060 --- [           main] liquibase.executor.jvm.JdbcExecutor      : 0 row(s) affected
2022-01-20 16:47:54.771  INFO 17060 --- [           main] liquibase.changelog.ChangeSet            : Table t_student_course created
2022-01-20 16:47:54.771  INFO 17060 --- [           main] liquibase.changelog.ChangeSet            : ChangeSet config/liquibase/changelog/00000000000000_initial_schema.xml::04_add_student_course_table::rosouza ran successfully in 6ms
2022-01-20 16:47:54.771 DEBUG 17060 --- [           main] liquibase.executor.jvm.JdbcExecutor      : Executing with the 'jdbc' executor
2022-01-20 16:47:54.772  INFO 17060 --- [           main] liquibase.executor.jvm.JdbcExecutor      : INSERT INTO SCHOOL.DATABASECHANGELOG (ID, AUTHOR, FILENAME, DATEEXECUTED, ORDEREXECUTED, MD5SUM, DESCRIPTION, COMMENTS, EXECTYPE, CONTEXTS, LABELS, LIQUIBASE, DEPLOYMENT_ID) VALUES ('04_add_student_course_table', 'rosouza', 'config/liquibase/changelog/00000000000000_initial_schema.xml', NOW(), 3, '8:23ead3a93053533f4ca0032e17df778a', 'createTable tableName=t_student_course', '', 'EXECUTED', NULL, NULL, '3.10.1', '2715274706')
2022-01-20 16:47:54.772 DEBUG 17060 --- [           main] liquibase.executor.jvm.JdbcExecutor      : 1 row(s) affected
2022-01-20 16:47:54.772 DEBUG 17060 --- [           main] liquibase.executor.jvm.JdbcExecutor      : Release Database Lock
2022-01-20 16:47:54.773 DEBUG 17060 --- [           main] liquibase.executor.jvm.JdbcExecutor      : Executing with the 'jdbc' executor
2022-01-20 16:47:54.773 DEBUG 17060 --- [           main] liquibase.executor.jvm.JdbcExecutor      : UPDATE SCHOOL.DATABASECHANGELOGLOCK SET LOCKED = FALSE, LOCKEDBY = NULL, LOCKGRANTED = NULL WHERE ID = 1
2022-01-20 16:47:54.774  INFO 17060 --- [           main] l.lockservice.StandardLockService        : Successfully released change log lock
2022-01-20 16:47:55.602 DEBUG 17060 --- [           main] com.zaxxer.hikari.pool.ProxyConnection   : Hikari - Executed rollback on connection conn0: url=jdbc:h2:mem:internal user=SA due to dirty commit state on close().
2022-01-20 16:47:56.433 DEBUG 17060 --- [           main] com.zaxxer.hikari.pool.PoolBase          : Hikari - Reset (autoCommit) on connection conn0: url=jdbc:h2:mem:internal user=SA
2022-01-20 16:47:56.569  INFO 17060 --- [           main] c.r.s.repository.CourseRepositoryTest    : Started CourseRepositoryTest in 5.665 seconds (JVM running for 7.795)
2022-01-20 16:47:57.246 DEBUG 17060 --- [           main] org.hibernate.SQL                        : select course0_.id as id1_0_, course0_.name as name2_0_ from school.t_course course0_
Hibernate: select course0_.id as id1_0_, course0_.name as name2_0_ from school.t_course course0_
2022-01-20 16:47:57.284 DEBUG 17060 --- [           main] org.hibernate.SQL                        : insert into school.t_course (id, name) values (null, ?)
Hibernate: insert into school.t_course (id, name) values (null, ?)
2022-01-20 16:47:57.293 DEBUG 17060 --- [           main] org.hibernate.SQL                        : insert into school.t_course (id, name) values (null, ?)
Hibernate: insert into school.t_course (id, name) values (null, ?)
]]></system-out>
  </testcase>
  <testcase name="should_find_all_course" classname="com.rosouza.school.repository.CourseRepositoryTest" time="0.024">
    <system-out><![CDATA[2022-01-20 16:47:57.305 DEBUG 17060 --- [           main] org.hibernate.SQL                        : select course0_.id as id1_0_, course0_.name as name2_0_ from school.t_course course0_
Hibernate: select course0_.id as id1_0_, course0_.name as name2_0_ from school.t_course course0_
2022-01-20 16:47:57.307 DEBUG 17060 --- [           main] org.hibernate.SQL                        : insert into school.t_course (id, name) values (null, ?)
Hibernate: insert into school.t_course (id, name) values (null, ?)
2022-01-20 16:47:57.308 DEBUG 17060 --- [           main] org.hibernate.SQL                        : insert into school.t_course (id, name) values (null, ?)
Hibernate: insert into school.t_course (id, name) values (null, ?)
2022-01-20 16:47:57.309 DEBUG 17060 --- [           main] org.hibernate.SQL                        : insert into school.t_course (id, name) values (null, ?)
Hibernate: insert into school.t_course (id, name) values (null, ?)
2022-01-20 16:47:57.317 DEBUG 17060 --- [           main] org.hibernate.SQL                        : select course0_.id as id1_0_, course0_.name as name2_0_ from school.t_course course0_
Hibernate: select course0_.id as id1_0_, course0_.name as name2_0_ from school.t_course course0_
]]></system-out>
  </testcase>
  <testcase name="should_delete_all_course" classname="com.rosouza.school.repository.CourseRepositoryTest" time="0.029">
    <system-out><![CDATA[2022-01-20 16:47:57.330 DEBUG 17060 --- [           main] org.hibernate.SQL                        : select course0_.id as id1_0_, course0_.name as name2_0_ from school.t_course course0_
Hibernate: select course0_.id as id1_0_, course0_.name as name2_0_ from school.t_course course0_
2022-01-20 16:47:57.332 DEBUG 17060 --- [           main] org.hibernate.SQL                        : insert into school.t_course (id, name) values (null, ?)
Hibernate: insert into school.t_course (id, name) values (null, ?)
2022-01-20 16:47:57.334 DEBUG 17060 --- [           main] org.hibernate.SQL                        : insert into school.t_course (id, name) values (null, ?)
Hibernate: insert into school.t_course (id, name) values (null, ?)
2022-01-20 16:47:57.335 DEBUG 17060 --- [           main] org.hibernate.SQL                        : select course0_.id as id1_0_, course0_.name as name2_0_ from school.t_course course0_
Hibernate: select course0_.id as id1_0_, course0_.name as name2_0_ from school.t_course course0_
2022-01-20 16:47:57.350 DEBUG 17060 --- [           main] org.hibernate.SQL                        : delete from school.t_course where id=?
Hibernate: delete from school.t_course where id=?
2022-01-20 16:47:57.351 DEBUG 17060 --- [           main] org.hibernate.SQL                        : delete from school.t_course where id=?
Hibernate: delete from school.t_course where id=?
2022-01-20 16:47:57.354 DEBUG 17060 --- [           main] org.hibernate.SQL                        : select course0_.id as id1_0_, course0_.name as name2_0_ from school.t_course course0_
Hibernate: select course0_.id as id1_0_, course0_.name as name2_0_ from school.t_course course0_
]]></system-out>
  </testcase>
  <testcase name="should_find_course_by_id" classname="com.rosouza.school.repository.CourseRepositoryTest" time="0.009">
    <system-out><![CDATA[2022-01-20 16:47:57.361 DEBUG 17060 --- [           main] org.hibernate.SQL                        : select course0_.id as id1_0_, course0_.name as name2_0_ from school.t_course course0_
Hibernate: select course0_.id as id1_0_, course0_.name as name2_0_ from school.t_course course0_
2022-01-20 16:47:57.363 DEBUG 17060 --- [           main] org.hibernate.SQL                        : insert into school.t_course (id, name) values (null, ?)
Hibernate: insert into school.t_course (id, name) values (null, ?)
2022-01-20 16:47:57.363 DEBUG 17060 --- [           main] org.hibernate.SQL                        : insert into school.t_course (id, name) values (null, ?)
Hibernate: insert into school.t_course (id, name) values (null, ?)
]]></system-out>
  </testcase>
  <testcase name="should_delete_course_by_id" classname="com.rosouza.school.repository.CourseRepositoryTest" time="0.012">
    <system-out><![CDATA[2022-01-20 16:47:57.371 DEBUG 17060 --- [           main] org.hibernate.SQL                        : select course0_.id as id1_0_, course0_.name as name2_0_ from school.t_course course0_
Hibernate: select course0_.id as id1_0_, course0_.name as name2_0_ from school.t_course course0_
2022-01-20 16:47:57.372 DEBUG 17060 --- [           main] org.hibernate.SQL                        : insert into school.t_course (id, name) values (null, ?)
Hibernate: insert into school.t_course (id, name) values (null, ?)
2022-01-20 16:47:57.373 DEBUG 17060 --- [           main] org.hibernate.SQL                        : insert into school.t_course (id, name) values (null, ?)
Hibernate: insert into school.t_course (id, name) values (null, ?)
2022-01-20 16:47:57.374 DEBUG 17060 --- [           main] org.hibernate.SQL                        : insert into school.t_course (id, name) values (null, ?)
Hibernate: insert into school.t_course (id, name) values (null, ?)
2022-01-20 16:47:57.376 DEBUG 17060 --- [           main] org.hibernate.SQL                        : delete from school.t_course where id=?
Hibernate: delete from school.t_course where id=?
2022-01-20 16:47:57.377 DEBUG 17060 --- [           main] org.hibernate.SQL                        : select course0_.id as id1_0_, course0_.name as name2_0_ from school.t_course course0_
Hibernate: select course0_.id as id1_0_, course0_.name as name2_0_ from school.t_course course0_
]]></system-out>
  </testcase>
  <testcase name="should_find_no_course_if_repository_is_empty" classname="com.rosouza.school.repository.CourseRepositoryTest" time="0.006">
    <system-out><![CDATA[2022-01-20 16:47:57.382 DEBUG 17060 --- [           main] org.hibernate.SQL                        : select course0_.id as id1_0_, course0_.name as name2_0_ from school.t_course course0_
Hibernate: select course0_.id as id1_0_, course0_.name as name2_0_ from school.t_course course0_
2022-01-20 16:47:57.383 DEBUG 17060 --- [           main] org.hibernate.SQL                        : select course0_.id as id1_0_, course0_.name as name2_0_ from school.t_course course0_
Hibernate: select course0_.id as id1_0_, course0_.name as name2_0_ from school.t_course course0_
]]></system-out>
  </testcase>
  <testcase name="should_update_course_by_id" classname="com.rosouza.school.repository.CourseRepositoryTest" time="0.013">
    <system-out><![CDATA[2022-01-20 16:47:57.388 DEBUG 17060 --- [           main] org.hibernate.SQL                        : select course0_.id as id1_0_, course0_.name as name2_0_ from school.t_course course0_
Hibernate: select course0_.id as id1_0_, course0_.name as name2_0_ from school.t_course course0_
2022-01-20 16:47:57.390 DEBUG 17060 --- [           main] org.hibernate.SQL                        : insert into school.t_course (id, name) values (null, ?)
Hibernate: insert into school.t_course (id, name) values (null, ?)
2022-01-20 16:47:57.390 DEBUG 17060 --- [           main] org.hibernate.SQL                        : insert into school.t_course (id, name) values (null, ?)
Hibernate: insert into school.t_course (id, name) values (null, ?)
2022-01-20 16:47:57.391 DEBUG 17060 --- [           main] org.hibernate.SQL                        : insert into school.t_course (id, name) values (null, ?)
Hibernate: insert into school.t_course (id, name) values (null, ?)
]]></system-out>
  </testcase>
</testsuite>